#
# A fatal error has been detected by the Java Runtime Environment:
#
#  Internal Error (classFileParser.cpp:3494), pid=12108, tid=140518409721600
#  Error: ShouldNotReachHere()
#
# JRE version: 6.0_45-b06
# Java VM: Java HotSpot(TM) 64-Bit Server VM (20.45-b01 mixed mode linux-amd64 compressed oops)
# If you would like to submit a bug report, please visit:
#   http://java.sun.com/webapps/bugreport/crash.jsp
#

---------------  T H R E A D  ---------------

Current thread (0x00007fccf8007800):  JavaThread "Unknown thread" [_thread_in_vm, id=12109, stack(0x00007fccfdd55000,0x00007fccfde56000)]

Stack: [0x00007fccfdd55000,0x00007fccfde56000],  sp=0x00007fccfde54150,  free space=1020k
Native frames: (J=compiled Java code, j=interpreted, Vv=VM code, C=native code)
V  [libjvm.so+0x861e05]  VMError::report_and_die()+0x265
V  [libjvm.so+0x3e5ed6]  report_should_not_reach_here(char const*, int)+0x46
V  [libjvm.so+0x36f26b]  ClassFileParser::parseClassFile(symbolHandle, Handle, Handle, KlassHandle, GrowableArray<Handle>*, symbolHandle&, bool, Thread*)+0x2b8b
V  [libjvm.so+0x3756ff]  ClassLoader::load_classfile(symbolHandle, Thread*)+0x22f
V  [libjvm.so+0x7eebff]  SystemDictionary::load_instance_class(symbolHandle, Handle, Thread*)+0xef
V  [libjvm.so+0x7ecbe5]  SystemDictionary::resolve_instance_class_or_null(symbolHandle, Handle, Handle, Thread*)+0x575
V  [libjvm.so+0x7eb971]  SystemDictionary::resolve_or_null(symbolHandle, Handle, Handle, Thread*)+0x81
V  [libjvm.so+0x7eb584]  SystemDictionary::resolve_or_fail(symbolHandle, Handle, Handle, bool, Thread*)+0x34
V  [libjvm.so+0x7f0400]  SystemDictionary::initialize_wk_klass(SystemDictionary::WKID, int, Thread*)+0x70
V  [libjvm.so+0x7f0495]  SystemDictionary::initialize_wk_klasses_until(SystemDictionary::WKID, SystemDictionary::WKID&, Thread*)+0x45
V  [libjvm.so+0x7f0575]  SystemDictionary::initialize_preloaded_classes(Thread*)+0x75
V  [libjvm.so+0x7f0328]  SystemDictionary::initialize(Thread*)+0xd8
V  [libjvm.so+0x837cf8]  Universe::genesis(Thread*)+0x598
V  [libjvm.so+0x839c29]  universe2_init()+0x29
V  [libjvm.so+0x4ae42c]  init_globals()+0x8c
V  [libjvm.so+0x820014]  Threads::create_vm(JavaVMInitArgs*, bool*)+0x214
V  [libjvm.so+0x51c800]  JNI_CreateJavaVM+0x80


---------------  P R O C E S S  ---------------

Java Threads: ( => current thread )

Other Threads:

=>0x00007fccf8007800 (exited) JavaThread "Unknown thread" [_thread_in_vm, id=12109, stack(0x00007fccfdd55000,0x00007fccfde56000)]

VM state:not at safepoint (not fully initialized)

VM Mutex/Monitor currently owned by a thread: None

Dynamic libraries:
40000000-40009000 r-xp 00000000 08:01 4852050                            /usr/lib/jvm/jdk1.6.0_45/bin/java
40108000-4010a000 rwxp 00008000 08:01 4852050                            /usr/lib/jvm/jdk1.6.0_45/bin/java
41e11000-41e32000 rwxp 00000000 00:00 0                                  [heap]
704e00000-7062c0000 rwxp 00000000 00:00 0 
7062c0000-70a000000 rwxp 00000000 00:00 0 
70a000000-714400000 rwxp 00000000 00:00 0 
714400000-7ae000000 rwxp 00000000 00:00 0 
7ae000000-7b3200000 rwxp 00000000 00:00 0 
7b3200000-800000000 rwxp 00000000 00:00 0 
7fccd0000000-7fccd0021000 rwxp 00000000 00:00 0 
7fccd0021000-7fccd4000000 ---p 00000000 00:00 0 
7fccd8000000-7fccd8021000 rwxp 00000000 00:00 0 
7fccd8021000-7fccdc000000 ---p 00000000 00:00 0 
7fccdc000000-7fccdc021000 rwxp 00000000 00:00 0 
7fccdc021000-7fcce0000000 ---p 00000000 00:00 0 
7fcce0000000-7fcce0021000 rwxp 00000000 00:00 0 
7fcce0021000-7fcce4000000 ---p 00000000 00:00 0 
7fcce4000000-7fcce4021000 rwxp 00000000 00:00 0 
7fcce4021000-7fcce8000000 ---p 00000000 00:00 0 
7fcce8000000-7fcce8021000 rwxp 00000000 00:00 0 
7fcce8021000-7fccec000000 ---p 00000000 00:00 0 
7fccec000000-7fccec021000 rwxp 00000000 00:00 0 
7fccec021000-7fccf0000000 ---p 00000000 00:00 0 
7fccf0000000-7fccf0021000 rwxp 00000000 00:00 0 
7fccf0021000-7fccf4000000 ---p 00000000 00:00 0 
7fccf4934000-7fccf49fa000 r-xs 0116f000 08:06 7241418                    /home/huanghua/Android/adt-bundle-linux-x86_64-20130729/sdk/platforms/android-17/android.jar
7fccf49fa000-7fccf49fb000 ---p 00000000 00:00 0 
7fccf49fb000-7fccf4afb000 rwxp 00000000 00:00 0 
7fccf4afb000-7fccf4afc000 ---p 00000000 00:00 0 
7fccf4afc000-7fccf4bfc000 rwxp 00000000 00:00 0 
7fccf4bfc000-7fccf4bfd000 ---p 00000000 00:00 0 
7fccf4bfd000-7fccf4cfd000 rwxp 00000000 00:00 0 
7fccf4cfd000-7fccf4cfe000 ---p 00000000 00:00 0 
7fccf4cfe000-7fccf4dfe000 rwxp 00000000 00:00 0 
7fccf4dfe000-7fccf4dff000 ---p 00000000 00:00 0 
7fccf4dff000-7fccf4eff000 rwxp 00000000 00:00 0 
7fccf4eff000-7fccf4f00000 ---p 00000000 00:00 0 
7fccf4f00000-7fccf5270000 rwxp 00000000 00:00 0 
7fccf5270000-7fccf8088000 rwxp 00000000 00:00 0 
7fccf8088000-7fccfc000000 ---p 00000000 00:00 0 
7fccfc072000-7fccfc09a000 rwxp 00000000 00:00 0 
7fccfc09a000-7fccfc09b000 ---p 00000000 00:00 0 
7fccfc09b000-7fccfc19b000 rwxp 00000000 00:00 0 
7fccfc19b000-7fccfc19c000 ---p 00000000 00:00 0 
7fccfc19c000-7fccfc2a7000 rwxp 00000000 00:00 0 
7fccfc2a7000-7fccfc2c5000 rwxp 00000000 00:00 0 
7fccfc2c5000-7fccfc317000 rwxp 00000000 00:00 0 
7fccfc317000-7fccfc7e5000 rwxp 00000000 00:00 0 
7fccfc7e5000-7fccfc7f0000 rwxp 00000000 00:00 0 
7fccfc7f0000-7fccfc80e000 rwxp 00000000 00:00 0 
7fccfc80e000-7fccfc860000 rwxp 00000000 00:00 0 
7fccfc860000-7fccfcd2e000 rwxp 00000000 00:00 0 
7fccfcd2e000-7fccfcd57000 rwxp 00000000 00:00 0 
7fccfcd57000-7fccfcfbe000 rwxp 00000000 00:00 0 
7fccfcfbe000-7fccfcfbf000 rwxp 00000000 00:00 0 
7fccfcfbf000-7fccfcfcd000 r-xp 00000000 08:01 4195597                    /usr/lib/jvm/jdk1.6.0_45/jre/lib/amd64/libzip.so
7fccfcfcd000-7fccfd0cf000 ---p 0000e000 08:01 4195597                    /usr/lib/jvm/jdk1.6.0_45/jre/lib/amd64/libzip.so
7fccfd0cf000-7fccfd0d2000 rwxp 00010000 08:01 4195597                    /usr/lib/jvm/jdk1.6.0_45/jre/lib/amd64/libzip.so
7fccfd0d2000-7fccfd0d3000 rwxp 00000000 00:00 0 
7fccfd0d3000-7fccfd0df000 r-xp 00000000 08:01 1180170                    /lib/x86_64-linux-gnu/libnss_files-2.15.so
7fccfd0df000-7fccfd2de000 ---p 0000c000 08:01 1180170                    /lib/x86_64-linux-gnu/libnss_files-2.15.so
7fccfd2de000-7fccfd2df000 r-xp 0000b000 08:01 1180170                    /lib/x86_64-linux-gnu/libnss_files-2.15.so
7fccfd2df000-7fccfd2e0000 rwxp 0000c000 08:01 1180170                    /lib/x86_64-linux-gnu/libnss_files-2.15.so
7fccfd2e0000-7fccfd2ea000 r-xp 00000000 08:01 1180174                    /lib/x86_64-linux-gnu/libnss_nis-2.15.so
7fccfd2ea000-7fccfd4ea000 ---p 0000a000 08:01 1180174                    /lib/x86_64-linux-gnu/libnss_nis-2.15.so
7fccfd4ea000-7fccfd4eb000 r-xp 0000a000 08:01 1180174                    /lib/x86_64-linux-gnu/libnss_nis-2.15.so
7fccfd4eb000-7fccfd4ec000 rwxp 0000b000 08:01 1180174                    /lib/x86_64-linux-gnu/libnss_nis-2.15.so
7fccfd4ec000-7fccfd4f4000 r-xp 00000000 08:01 1180168                    /lib/x86_64-linux-gnu/libnss_compat-2.15.so
7fccfd4f4000-7fccfd6f3000 ---p 00008000 08:01 1180168                    /lib/x86_64-linux-gnu/libnss_compat-2.15.so
7fccfd6f3000-7fccfd6f4000 r-xp 00007000 08:01 1180168                    /lib/x86_64-linux-gnu/libnss_compat-2.15.so
7fccfd6f4000-7fccfd6f5000 rwxp 00008000 08:01 1180168                    /lib/x86_64-linux-gnu/libnss_compat-2.15.so
7fccfd6f5000-7fccfd70c000 r-xp 00000000 08:01 1180187                    /lib/x86_64-linux-gnu/libnsl-2.15.so
7fccfd70c000-7fccfd90b000 ---p 00017000 08:01 1180187                    /lib/x86_64-linux-gnu/libnsl-2.15.so
7fccfd90b000-7fccfd90c000 r-xp 00016000 08:01 1180187                    /lib/x86_64-linux-gnu/libnsl-2.15.so
7fccfd90c000-7fccfd90d000 rwxp 00017000 08:01 1180187                    /lib/x86_64-linux-gnu/libnsl-2.15.so
7fccfd90d000-7fccfd90f000 rwxp 00000000 00:00 0 
7fccfd90f000-7fccfd938000 r-xp 00000000 08:01 4195592                    /usr/lib/jvm/jdk1.6.0_45/jre/lib/amd64/libjava.so
7fccfd938000-7fccfda37000 ---p 00029000 08:01 4195592                    /usr/lib/jvm/jdk1.6.0_45/jre/lib/amd64/libjava.so
7fccfda37000-7fccfda3e000 rwxp 00028000 08:01 4195592                    /usr/lib/jvm/jdk1.6.0_45/jre/lib/amd64/libjava.so
7fccfda3e000-7fccfda4b000 r-xp 00000000 08:01 4195589                    /usr/lib/jvm/jdk1.6.0_45/jre/lib/amd64/libverify.so
7fccfda4b000-7fccfdb4a000 ---p 0000d000 08:01 4195589                    /usr/lib/jvm/jdk1.6.0_45/jre/lib/amd64/libverify.so
7fccfdb4a000-7fccfdb4d000 rwxp 0000c000 08:01 4195589                    /usr/lib/jvm/jdk1.6.0_45/jre/lib/amd64/libverify.so
7fccfdb4d000-7fccfdb54000 r-xp 00000000 08:01 1180173                    /lib/x86_64-linux-gnu/librt-2.15.so
7fccfdb54000-7fccfdd53000 ---p 00007000 08:01 1180173                    /lib/x86_64-linux-gnu/librt-2.15.so
7fccfdd53000-7fccfdd54000 r-xp 00006000 08:01 1180173                    /lib/x86_64-linux-gnu/librt-2.15.so
7fccfdd54000-7fccfdd55000 rwxp 00007000 08:01 1180173                    /lib/x86_64-linux-gnu/librt-2.15.so
7fccfdd55000-7fccfdd58000 ---p 00000000 00:00 0 
7fccfdd58000-7fccfde56000 rwxp 00000000 00:00 0 
7fccfde56000-7fccfdf51000 r-xp 00000000 08:01 1180177                    /lib/x86_64-linux-gnu/libm-2.15.so
7fccfdf51000-7fccfe150000 ---p 000fb000 08:01 1180177                    /lib/x86_64-linux-gnu/libm-2.15.so
7fccfe150000-7fccfe151000 r-xp 000fa000 08:01 1180177                    /lib/x86_64-linux-gnu/libm-2.15.so
7fccfe151000-7fccfe152000 rwxp 000fb000 08:01 1180177                    /lib/x86_64-linux-gnu/libm-2.15.so
7fccfe152000-7fccfea70000 r-xp 00000000 08:01 4326712                    /usr/lib/jvm/jdk1.6.0_45/jre/lib/amd64/server/libjvm.so
7fccfea70000-7fccfeb72000 ---p 0091e000 08:01 4326712                    /usr/lib/jvm/jdk1.6.0_45/jre/lib/amd64/server/libjvm.so
7fccfeb72000-7fccfed28000 rwxp 00920000 08:01 4326712                    /usr/lib/jvm/jdk1.6.0_45/jre/lib/amd64/server/libjvm.so
7fccfed28000-7fccfed62000 rwxp 00000000 00:00 0 
7fccfed62000-7fccfef17000 r-xp 00000000 08:01 1180166                    /lib/x86_64-linux-gnu/libc-2.15.so
7fccfef17000-7fccff117000 ---p 001b5000 08:01 1180166                    /lib/x86_64-linux-gnu/libc-2.15.so
7fccff117000-7fccff11b000 r-xp 001b5000 08:01 1180166                    /lib/x86_64-linux-gnu/libc-2.15.so
7fccff11b000-7fccff11d000 rwxp 001b9000 08:01 1180166                    /lib/x86_64-linux-gnu/libc-2.15.so
7fccff11d000-7fccff122000 rwxp 00000000 00:00 0 
7fccff122000-7fccff124000 r-xp 00000000 08:01 1180181                    /lib/x86_64-linux-gnu/libdl-2.15.so
7fccff124000-7fccff324000 ---p 00002000 08:01 1180181                    /lib/x86_64-linux-gnu/libdl-2.15.so
7fccff324000-7fccff325000 r-xp 00002000 08:01 1180181                    /lib/x86_64-linux-gnu/libdl-2.15.so
7fccff325000-7fccff326000 rwxp 00003000 08:01 1180181                    /lib/x86_64-linux-gnu/libdl-2.15.so
7fccff326000-7fccff33e000 r-xp 00000000 08:01 1180175                    /lib/x86_64-linux-gnu/libpthread-2.15.so
7fccff33e000-7fccff53d000 ---p 00018000 08:01 1180175                    /lib/x86_64-linux-gnu/libpthread-2.15.so
7fccff53d000-7fccff53e000 r-xp 00017000 08:01 1180175                    /lib/x86_64-linux-gnu/libpthread-2.15.so
7fccff53e000-7fccff53f000 rwxp 00018000 08:01 1180175                    /lib/x86_64-linux-gnu/libpthread-2.15.so
7fccff53f000-7fccff543000 rwxp 00000000 00:00 0 
7fccff543000-7fccff565000 r-xp 00000000 08:01 1180178                    /lib/x86_64-linux-gnu/ld-2.15.so
7fccff57b000-7fccff585000 rwxp 00000000 00:00 0 
7fccff585000-7fccff63b000 rwxp 00000000 00:00 0 
7fccff63b000-7fccff63e000 rwxp 00000000 00:00 0 
7fccff63e000-7fccff645000 r-xp 00000000 08:01 4326109                    /usr/lib/jvm/jdk1.6.0_45/jre/lib/amd64/jli/libjli.so
7fccff645000-7fccff746000 ---p 00007000 08:01 4326109                    /usr/lib/jvm/jdk1.6.0_45/jre/lib/amd64/jli/libjli.so
7fccff746000-7fccff748000 rwxp 00008000 08:01 4326109                    /usr/lib/jvm/jdk1.6.0_45/jre/lib/amd64/jli/libjli.so
7fccff748000-7fccff749000 rwxp 00000000 00:00 0 
7fccff759000-7fccff761000 rwxs 00000000 08:01 1573046                    /tmp/hsperfdata_huanghua/12108
7fccff761000-7fccff762000 rwxp 00000000 00:00 0 
7fccff762000-7fccff763000 r-xp 00000000 00:00 0 
7fccff763000-7fccff765000 rwxp 00000000 00:00 0 
7fccff765000-7fccff766000 r-xp 00022000 08:01 1180178                    /lib/x86_64-linux-gnu/ld-2.15.so
7fccff766000-7fccff768000 rwxp 00023000 08:01 1180178                    /lib/x86_64-linux-gnu/ld-2.15.so
7fffcab3c000-7fffcab5d000 rwxp 00000000 00:00 0                          [stack]
7fffcabad000-7fffcabae000 r-xp 00000000 00:00 0                          [vdso]
ffffffffff600000-ffffffffff601000 r-xp 00000000 00:00 0                  [vsyscall]

VM Arguments:
jvm_args: -Dfile.encoding=UTF-8 -Xbootclasspath:/home/huanghua/Android/adt-bundle-linux-x86_64-20130729/sdk/platforms/android-17/android.jar 
java_command: com.mephone.hellohwlockscreen.ChinaDate
Launcher Type: SUN_STANDARD

Environment Variables:
PATH=/home/huanghua/bin:/usr/lib/lightdm/lightdm:/usr/local/sbin:/usr/local/bin:/usr/sbin:/usr/bin:/sbin:/bin:/usr/games
LD_LIBRARY_PATH=/usr/lib/jvm/jdk1.6.0_45/jre/lib/amd64/server:/usr/lib/jvm/jdk1.6.0_45/jre/lib/amd64:/usr/lib/jvm/jdk1.6.0_45/jre/../lib/amd64
SHELL=/bin/bash
DISPLAY=:0.0

Signal Handlers:
SIGSEGV: [libjvm.so+0x862a30], sa_mask[0]=0x7ffbfeff, sa_flags=0x10000004
SIGBUS: [libjvm.so+0x862a30], sa_mask[0]=0x7ffbfeff, sa_flags=0x10000004
SIGFPE: [libjvm.so+0x7106f0], sa_mask[0]=0x7ffbfeff, sa_flags=0x10000004
SIGPIPE: [libjvm.so+0x7106f0], sa_mask[0]=0x7ffbfeff, sa_flags=0x10000004
SIGXFSZ: [libjvm.so+0x7106f0], sa_mask[0]=0x7ffbfeff, sa_flags=0x10000004
SIGILL: [libjvm.so+0x7106f0], sa_mask[0]=0x7ffbfeff, sa_flags=0x10000004
SIGUSR1: SIG_DFL, sa_mask[0]=0x00000000, sa_flags=0x00000000
SIGUSR2: [libjvm.so+0x713520], sa_mask[0]=0x00000004, sa_flags=0x10000004
SIGHUP: SIG_DFL, sa_mask[0]=0x00000000, sa_flags=0x00000000
SIGINT: SIG_DFL, sa_mask[0]=0x00000000, sa_flags=0x00000000
SIGTERM: SIG_DFL, sa_mask[0]=0x00000000, sa_flags=0x00000000
SIGQUIT: SIG_DFL, sa_mask[0]=0x00000000, sa_flags=0x00000000


---------------  S Y S T E M  ---------------

OS:wheezy/sid

uname:Linux 3.2.0-51-generic #77-Ubuntu SMP Wed Jul 24 20:18:19 UTC 2013 x86_64
libc:glibc 2.15 NPTL 2.15 
rlimit: STACK 8192k, CORE 0k, NPROC 125788, NOFILE 4096, AS infinity
load average:2.21 1.48 1.22

/proc/meminfo:
MemTotal:       16118492 kB
MemFree:        10272120 kB
Buffers:          525820 kB
Cached:          2162872 kB
SwapCached:            0 kB
Active:          3696592 kB
Inactive:        1543120 kB
Active(anon):    2752492 kB
Inactive(anon):   259676 kB
Active(file):     944100 kB
Inactive(file):  1283444 kB
Unevictable:          16 kB
Mlocked:              16 kB
SwapTotal:       8788988 kB
SwapFree:        8788988 kB
Dirty:             14136 kB
Writeback:             0 kB
AnonPages:       2551128 kB
Mapped:           337476 kB
Shmem:            461156 kB
Slab:             344940 kB
SReclaimable:     289920 kB
SUnreclaim:        55020 kB
KernelStack:        6520 kB
PageTables:        52904 kB
NFS_Unstable:          0 kB
Bounce:                0 kB
WritebackTmp:          0 kB
CommitLimit:    16848232 kB
Committed_AS:    7745972 kB
VmallocTotal:   34359738367 kB
VmallocUsed:      384092 kB
VmallocChunk:   34359314316 kB
HardwareCorrupted:     0 kB
AnonHugePages:         0 kB
HugePages_Total:       0
HugePages_Free:        0
HugePages_Rsvd:        0
HugePages_Surp:        0
Hugepagesize:       2048 kB
DirectMap4k:       77824 kB
DirectMap2M:    16402432 kB


CPU:total 8 (4 cores per cpu, 2 threads per core) family 6 model 58 stepping 9, cmov, cx8, fxsr, mmx, sse, sse2, sse3, ssse3, sse4.1, sse4.2, popcnt, ht

/proc/cpuinfo:
processor	: 0
vendor_id	: GenuineIntel
cpu family	: 6
model		: 58
model name	: Intel(R) Core(TM) i7-3770 CPU @ 3.40GHz
stepping	: 9
microcode	: 0x16
cpu MHz		: 2900.000
cache size	: 8192 KB
physical id	: 0
siblings	: 8
core id		: 0
cpu cores	: 4
apicid		: 0
initial apicid	: 0
fpu		: yes
fpu_exception	: yes
cpuid level	: 13
wp		: yes
flags		: fpu vme de pse tsc msr pae mce cx8 apic sep mtrr pge mca cmov pat pse36 clflush dts acpi mmx fxsr sse sse2 ss ht tm pbe syscall nx rdtscp lm constant_tsc arch_perfmon pebs bts rep_good nopl xtopology nonstop_tsc aperfmperf pni pclmulqdq dtes64 monitor ds_cpl vmx smx est tm2 ssse3 cx16 xtpr pdcm pcid sse4_1 sse4_2 x2apic popcnt tsc_deadline_timer aes xsave avx f16c rdrand lahf_lm ida arat epb xsaveopt pln pts dtherm tpr_shadow vnmi flexpriority ept vpid fsgsbase smep erms
bogomips	: 6820.10
clflush size	: 64
cache_alignment	: 64
address sizes	: 36 bits physical, 48 bits virtual
power management:

processor	: 1
vendor_id	: GenuineIntel
cpu family	: 6
model		: 58
model name	: Intel(R) Core(TM) i7-3770 CPU @ 3.40GHz
stepping	: 9
microcode	: 0x16
cpu MHz		: 2200.000
cache size	: 8192 KB
physical id	: 0
siblings	: 8
core id		: 1
cpu cores	: 4
apicid		: 2
initial apicid	: 2
fpu		: yes
fpu_exception	: yes
cpuid level	: 13
wp		: yes
flags		: fpu vme de pse tsc msr pae mce cx8 apic sep mtrr pge mca cmov pat pse36 clflush dts acpi mmx fxsr sse sse2 ss ht tm pbe syscall nx rdtscp lm constant_tsc arch_perfmon pebs bts rep_good nopl xtopology nonstop_tsc aperfmperf pni pclmulqdq dtes64 monitor ds_cpl vmx smx est tm2 ssse3 cx16 xtpr pdcm pcid sse4_1 sse4_2 x2apic popcnt tsc_deadline_timer aes xsave avx f16c rdrand lahf_lm ida arat epb xsaveopt pln pts dtherm tpr_shadow vnmi flexpriority ept vpid fsgsbase smep erms
bogomips	: 6819.89
clflush size	: 64
cache_alignment	: 64
address sizes	: 36 bits physical, 48 bits virtual
power management:

processor	: 2
vendor_id	: GenuineIntel
cpu family	: 6
model		: 58
model name	: Intel(R) Core(TM) i7-3770 CPU @ 3.40GHz
stepping	: 9
microcode	: 0x16
cpu MHz		: 3401.000
cache size	: 8192 KB
physical id	: 0
siblings	: 8
core id		: 2
cpu cores	: 4
apicid		: 4
initial apicid	: 4
fpu		: yes
fpu_exception	: yes
cpuid level	: 13
wp		: yes
flags		: fpu vme de pse tsc msr pae mce cx8 apic sep mtrr pge mca cmov pat pse36 clflush dts acpi mmx fxsr sse sse2 ss ht tm pbe syscall nx rdtscp lm constant_tsc arch_perfmon pebs bts rep_good nopl xtopology nonstop_tsc aperfmperf pni pclmulqdq dtes64 monitor ds_cpl vmx smx est tm2 ssse3 cx16 xtpr pdcm pcid sse4_1 sse4_2 x2apic popcnt tsc_deadline_timer aes xsave avx f16c rdrand lahf_lm ida arat epb xsaveopt pln pts dtherm tpr_shadow vnmi flexpriority ept vpid fsgsbase smep erms
bogomips	: 6819.90
clflush size	: 64
cache_alignment	: 64
address sizes	: 36 bits physical, 48 bits virtual
power management:

processor	: 3
vendor_id	: GenuineIntel
cpu family	: 6
model		: 58
model name	: Intel(R) Core(TM) i7-3770 CPU @ 3.40GHz
stepping	: 9
microcode	: 0x16
cpu MHz		: 3401.000
cache size	: 8192 KB
physical id	: 0
siblings	: 8
core id		: 3
cpu cores	: 4
apicid		: 6
initial apicid	: 6
fpu		: yes
fpu_exception	: yes
cpuid level	: 13
wp		: yes
flags		: fpu vme de pse tsc msr pae mce cx8 apic sep mtrr pge mca cmov pat pse36 clflush dts acpi mmx fxsr sse sse2 ss ht tm pbe syscall nx rdtscp lm constant_tsc arch_perfmon pebs bts rep_good nopl xtopology nonstop_tsc aperfmperf pni pclmulqdq dtes64 monitor ds_cpl vmx smx est tm2 ssse3 cx16 xtpr pdcm pcid sse4_1 sse4_2 x2apic popcnt tsc_deadline_timer aes xsave avx f16c rdrand lahf_lm ida arat epb xsaveopt pln pts dtherm tpr_shadow vnmi flexpriority ept vpid fsgsbase smep erms
bogomips	: 6819.90
clflush size	: 64
cache_alignment	: 64
address sizes	: 36 bits physical, 48 bits virtual
power management:

processor	: 4
vendor_id	: GenuineIntel
cpu family	: 6
model		: 58
model name	: Intel(R) Core(TM) i7-3770 CPU @ 3.40GHz
stepping	: 9
microcode	: 0x16
cpu MHz		: 2400.000
cache size	: 8192 KB
physical id	: 0
siblings	: 8
core id		: 0
cpu cores	: 4
apicid		: 1
initial apicid	: 1
fpu		: yes
fpu_exception	: yes
cpuid level	: 13
wp		: yes
flags		: fpu vme de pse tsc msr pae mce cx8 apic sep mtrr pge mca cmov pat pse36 clflush dts acpi mmx fxsr sse sse2 ss ht tm pbe syscall nx rdtscp lm constant_tsc arch_perfmon pebs bts rep_good nopl xtopology nonstop_tsc aperfmperf pni pclmulqdq dtes64 monitor ds_cpl vmx smx est tm2 ssse3 cx16 xtpr pdcm pcid sse4_1 sse4_2 x2apic popcnt tsc_deadline_timer aes xsave avx f16c rdrand lahf_lm ida arat epb xsaveopt pln pts dtherm tpr_shadow vnmi flexpriority ept vpid fsgsbase smep erms
bogomips	: 6819.89
clflush size	: 64
cache_alignment	: 64
address sizes	: 36 bits physical, 48 bits virtual
power management:

processor	: 5
vendor_id	: GenuineIntel
cpu family	: 6
model		: 58
model name	: Intel(R) Core(TM) i7-3770 CPU @ 3.40GHz
stepping	: 9
microcode	: 0x16
cpu MHz		: 3300.000
cache size	: 8192 KB
physical id	: 0
siblings	: 8
core id		: 1
cpu cores	: 4
apicid		: 3
initial apicid	: 3
fpu		: yes
fpu_exception	: yes
cpuid level	: 13
wp		: yes
flags		: fpu vme de pse tsc msr pae mce cx8 apic sep mtrr pge mca cmov pat pse36 clflush dts acpi mmx fxsr sse sse2 ss ht tm pbe syscall nx rdtscp lm constant_tsc arch_perfmon pebs bts rep_good nopl xtopology nonstop_tsc aperfmperf pni pclmulqdq dtes64 monitor ds_cpl vmx smx est tm2 ssse3 cx16 xtpr pdcm pcid sse4_1 sse4_2 x2apic popcnt tsc_deadline_timer aes xsave avx f16c rdrand lahf_lm ida arat epb xsaveopt pln pts dtherm tpr_shadow vnmi flexpriority ept vpid fsgsbase smep erms
bogomips	: 6819.90
clflush size	: 64
cache_alignment	: 64
address sizes	: 36 bits physical, 48 bits virtual
power management:

processor	: 6
vendor_id	: GenuineIntel
cpu family	: 6
model		: 58
model name	: Intel(R) Core(TM) i7-3770 CPU @ 3.40GHz
stepping	: 9
microcode	: 0x16
cpu MHz		: 2400.000
cache size	: 8192 KB
physical id	: 0
siblings	: 8
core id		: 2
cpu cores	: 4
apicid		: 5
initial apicid	: 5
fpu		: yes
fpu_exception	: yes
cpuid level	: 13
wp		: yes
flags		: fpu vme de pse tsc msr pae mce cx8 apic sep mtrr pge mca cmov pat pse36 clflush dts acpi mmx fxsr sse sse2 ss ht tm pbe syscall nx rdtscp lm constant_tsc arch_perfmon pebs bts rep_good nopl xtopology nonstop_tsc aperfmperf pni pclmulqdq dtes64 monitor ds_cpl vmx smx est tm2 ssse3 cx16 xtpr pdcm pcid sse4_1 sse4_2 x2apic popcnt tsc_deadline_timer aes xsave avx f16c rdrand lahf_lm ida arat epb xsaveopt pln pts dtherm tpr_shadow vnmi flexpriority ept vpid fsgsbase smep erms
bogomips	: 6819.90
clflush size	: 64
cache_alignment	: 64
address sizes	: 36 bits physical, 48 bits virtual
power management:

processor	: 7
vendor_id	: GenuineIntel
cpu family	: 6
model		: 58
model name	: Intel(R) Core(TM) i7-3770 CPU @ 3.40GHz
stepping	: 9
microcode	: 0x16
cpu MHz		: 3401.000
cache size	: 8192 KB
physical id	: 0
siblings	: 8
core id		: 3
cpu cores	: 4
apicid		: 7
initial apicid	: 7
fpu		: yes
fpu_exception	: yes
cpuid level	: 13
wp		: yes
flags		: fpu vme de pse tsc msr pae mce cx8 apic sep mtrr pge mca cmov pat pse36 clflush dts acpi mmx fxsr sse sse2 ss ht tm pbe syscall nx rdtscp lm constant_tsc arch_perfmon pebs bts rep_good nopl xtopology nonstop_tsc aperfmperf pni pclmulqdq dtes64 monitor ds_cpl vmx smx est tm2 ssse3 cx16 xtpr pdcm pcid sse4_1 sse4_2 x2apic popcnt tsc_deadline_timer aes xsave avx f16c rdrand lahf_lm ida arat epb xsaveopt pln pts dtherm tpr_shadow vnmi flexpriority ept vpid fsgsbase smep erms
bogomips	: 6819.89
clflush size	: 64
cache_alignment	: 64
address sizes	: 36 bits physical, 48 bits virtual
power management:



Memory: 4k page, physical 16118492k(10272120k free), swap 8788988k(8788988k free)

vm_info: Java HotSpot(TM) 64-Bit Server VM (20.45-b01) for linux-amd64 JRE (1.6.0_45-b06), built on Mar 26 2013 14:07:02 by "java_re" with gcc 3.2.2 (SuSE Linux)

time: Tue Feb 18 16:57:13 2014
elapsed time: 0 seconds

