#
# A fatal error has been detected by the Java Runtime Environment:
#
#  Internal Error (classFileParser.cpp:3494), pid=12139, tid=140340615223040
#  Error: ShouldNotReachHere()
#
# JRE version: 6.0_45-b06
# Java VM: Java HotSpot(TM) 64-Bit Server VM (20.45-b01 mixed mode linux-amd64 compressed oops)
# If you would like to submit a bug report, please visit:
#   http://java.sun.com/webapps/bugreport/crash.jsp
#

---------------  T H R E A D  ---------------

Current thread (0x00007fa394007800):  JavaThread "Unknown thread" [_thread_in_vm, id=12143, stack(0x00007fa398749000,0x00007fa39884a000)]

Stack: [0x00007fa398749000,0x00007fa39884a000],  sp=0x00007fa398848150,  free space=1020k
Native frames: (J=compiled Java code, j=interpreted, Vv=VM code, C=native code)
V  [libjvm.so+0x861e05]  VMError::report_and_die()+0x265
V  [libjvm.so+0x3e5ed6]  report_should_not_reach_here(char const*, int)+0x46
V  [libjvm.so+0x36f26b]  ClassFileParser::parseClassFile(symbolHandle, Handle, Handle, KlassHandle, GrowableArray<Handle>*, symbolHandle&, bool, Thread*)+0x2b8b
V  [libjvm.so+0x3756ff]  ClassLoader::load_classfile(symbolHandle, Thread*)+0x22f
V  [libjvm.so+0x7eebff]  SystemDictionary::load_instance_class(symbolHandle, Handle, Thread*)+0xef
V  [libjvm.so+0x7ecbe5]  SystemDictionary::resolve_instance_class_or_null(symbolHandle, Handle, Handle, Thread*)+0x575
V  [libjvm.so+0x7eb971]  SystemDictionary::resolve_or_null(symbolHandle, Handle, Handle, Thread*)+0x81
V  [libjvm.so+0x7eb584]  SystemDictionary::resolve_or_fail(symbolHandle, Handle, Handle, bool, Thread*)+0x34
V  [libjvm.so+0x7f0400]  SystemDictionary::initialize_wk_klass(SystemDictionary::WKID, int, Thread*)+0x70
V  [libjvm.so+0x7f0495]  SystemDictionary::initialize_wk_klasses_until(SystemDictionary::WKID, SystemDictionary::WKID&, Thread*)+0x45
V  [libjvm.so+0x7f0575]  SystemDictionary::initialize_preloaded_classes(Thread*)+0x75
V  [libjvm.so+0x7f0328]  SystemDictionary::initialize(Thread*)+0xd8
V  [libjvm.so+0x837cf8]  Universe::genesis(Thread*)+0x598
V  [libjvm.so+0x839c29]  universe2_init()+0x29
V  [libjvm.so+0x4ae42c]  init_globals()+0x8c
V  [libjvm.so+0x820014]  Threads::create_vm(JavaVMInitArgs*, bool*)+0x214
V  [libjvm.so+0x51c800]  JNI_CreateJavaVM+0x80


---------------  P R O C E S S  ---------------

Java Threads: ( => current thread )

Other Threads:

=>0x00007fa394007800 (exited) JavaThread "Unknown thread" [_thread_in_vm, id=12143, stack(0x00007fa398749000,0x00007fa39884a000)]

VM state:not at safepoint (not fully initialized)

VM Mutex/Monitor currently owned by a thread: None

Dynamic libraries:
40000000-40009000 r-xp 00000000 08:01 4852050                            /usr/lib/jvm/jdk1.6.0_45/bin/java
40108000-4010a000 rwxp 00008000 08:01 4852050                            /usr/lib/jvm/jdk1.6.0_45/bin/java
41491000-414b2000 rwxp 00000000 00:00 0                                  [heap]
704e00000-7062c0000 rwxp 00000000 00:00 0 
7062c0000-70a000000 rwxp 00000000 00:00 0 
70a000000-714400000 rwxp 00000000 00:00 0 
714400000-7ae000000 rwxp 00000000 00:00 0 
7ae000000-7b3200000 rwxp 00000000 00:00 0 
7b3200000-800000000 rwxp 00000000 00:00 0 
7fa368000000-7fa368021000 rwxp 00000000 00:00 0 
7fa368021000-7fa36c000000 ---p 00000000 00:00 0 
7fa370000000-7fa370021000 rwxp 00000000 00:00 0 
7fa370021000-7fa374000000 ---p 00000000 00:00 0 
7fa374000000-7fa374021000 rwxp 00000000 00:00 0 
7fa374021000-7fa378000000 ---p 00000000 00:00 0 
7fa378000000-7fa378021000 rwxp 00000000 00:00 0 
7fa378021000-7fa37c000000 ---p 00000000 00:00 0 
7fa37c000000-7fa37c021000 rwxp 00000000 00:00 0 
7fa37c021000-7fa380000000 ---p 00000000 00:00 0 
7fa380000000-7fa380021000 rwxp 00000000 00:00 0 
7fa380021000-7fa384000000 ---p 00000000 00:00 0 
7fa384000000-7fa384021000 rwxp 00000000 00:00 0 
7fa384021000-7fa388000000 ---p 00000000 00:00 0 
7fa388000000-7fa388021000 rwxp 00000000 00:00 0 
7fa388021000-7fa38c000000 ---p 00000000 00:00 0 
7fa38f302000-7fa38f3c8000 r-xs 0116f000 08:06 7241418                    /home/huanghua/Android/adt-bundle-linux-x86_64-20130729/sdk/platforms/android-17/android.jar
7fa38f3c8000-7fa38f3c9000 ---p 00000000 00:00 0 
7fa38f3c9000-7fa38f4c9000 rwxp 00000000 00:00 0 
7fa38f4c9000-7fa38f4ca000 ---p 00000000 00:00 0 
7fa38f4ca000-7fa38f5ca000 rwxp 00000000 00:00 0 
7fa38f5ca000-7fa38f5cb000 ---p 00000000 00:00 0 
7fa38f5cb000-7fa38f6cb000 rwxp 00000000 00:00 0 
7fa38f6cb000-7fa38f6cc000 ---p 00000000 00:00 0 
7fa38f6cc000-7fa38f7cc000 rwxp 00000000 00:00 0 
7fa38f7cc000-7fa38f7cd000 ---p 00000000 00:00 0 
7fa38f7cd000-7fa38f8cd000 rwxp 00000000 00:00 0 
7fa38f8cd000-7fa38f8ce000 ---p 00000000 00:00 0 
7fa38f8ce000-7fa38f9ce000 rwxp 00000000 00:00 0 
7fa38f9ce000-7fa38f9cf000 ---p 00000000 00:00 0 
7fa38f9cf000-7fa38facf000 rwxp 00000000 00:00 0 
7fa38facf000-7fa38fad0000 ---p 00000000 00:00 0 
7fa38fad0000-7fa38fc22000 rwxp 00000000 00:00 0 
7fa38fc22000-7fa3900f0000 rwxp 00000000 00:00 0 
7fa3900f0000-7fa3900fb000 rwxp 00000000 00:00 0 
7fa3900fb000-7fa390119000 rwxp 00000000 00:00 0 
7fa390119000-7fa39016b000 rwxp 00000000 00:00 0 
7fa39016b000-7fa390639000 rwxp 00000000 00:00 0 
7fa390639000-7fa390662000 rwxp 00000000 00:00 0 
7fa390662000-7fa3908c9000 rwxp 00000000 00:00 0 
7fa3908c9000-7fa390b3a000 rwxp 00000000 00:00 0 
7fa390b3a000-7fa3938ca000 rwxp 00000000 00:00 0 
7fa3938ca000-7fa3938d8000 r-xp 00000000 08:01 4195597                    /usr/lib/jvm/jdk1.6.0_45/jre/lib/amd64/libzip.so
7fa3938d8000-7fa3939da000 ---p 0000e000 08:01 4195597                    /usr/lib/jvm/jdk1.6.0_45/jre/lib/amd64/libzip.so
7fa3939da000-7fa3939dd000 rwxp 00010000 08:01 4195597                    /usr/lib/jvm/jdk1.6.0_45/jre/lib/amd64/libzip.so
7fa3939dd000-7fa3939de000 rwxp 00000000 00:00 0 
7fa3939de000-7fa3939ea000 r-xp 00000000 08:01 1180170                    /lib/x86_64-linux-gnu/libnss_files-2.15.so
7fa3939ea000-7fa393be9000 ---p 0000c000 08:01 1180170                    /lib/x86_64-linux-gnu/libnss_files-2.15.so
7fa393be9000-7fa393bea000 r-xp 0000b000 08:01 1180170                    /lib/x86_64-linux-gnu/libnss_files-2.15.so
7fa393bea000-7fa393beb000 rwxp 0000c000 08:01 1180170                    /lib/x86_64-linux-gnu/libnss_files-2.15.so
7fa393beb000-7fa393bf5000 r-xp 00000000 08:01 1180174                    /lib/x86_64-linux-gnu/libnss_nis-2.15.so
7fa393bf5000-7fa393df5000 ---p 0000a000 08:01 1180174                    /lib/x86_64-linux-gnu/libnss_nis-2.15.so
7fa393df5000-7fa393df6000 r-xp 0000a000 08:01 1180174                    /lib/x86_64-linux-gnu/libnss_nis-2.15.so
7fa393df6000-7fa393df7000 rwxp 0000b000 08:01 1180174                    /lib/x86_64-linux-gnu/libnss_nis-2.15.so
7fa393df7000-7fa393dff000 r-xp 00000000 08:01 1180168                    /lib/x86_64-linux-gnu/libnss_compat-2.15.so
7fa393dff000-7fa393ffe000 ---p 00008000 08:01 1180168                    /lib/x86_64-linux-gnu/libnss_compat-2.15.so
7fa393ffe000-7fa393fff000 r-xp 00007000 08:01 1180168                    /lib/x86_64-linux-gnu/libnss_compat-2.15.so
7fa393fff000-7fa394000000 rwxp 00008000 08:01 1180168                    /lib/x86_64-linux-gnu/libnss_compat-2.15.so
7fa394000000-7fa394088000 rwxp 00000000 00:00 0 
7fa394088000-7fa398000000 ---p 00000000 00:00 0 
7fa398098000-7fa3980cb000 rwxp 00000000 00:00 0 
7fa3980cb000-7fa3980e9000 rwxp 00000000 00:00 0 
7fa3980e9000-7fa398100000 r-xp 00000000 08:01 1180187                    /lib/x86_64-linux-gnu/libnsl-2.15.so
7fa398100000-7fa3982ff000 ---p 00017000 08:01 1180187                    /lib/x86_64-linux-gnu/libnsl-2.15.so
7fa3982ff000-7fa398300000 r-xp 00016000 08:01 1180187                    /lib/x86_64-linux-gnu/libnsl-2.15.so
7fa398300000-7fa398301000 rwxp 00017000 08:01 1180187                    /lib/x86_64-linux-gnu/libnsl-2.15.so
7fa398301000-7fa398303000 rwxp 00000000 00:00 0 
7fa398303000-7fa39832c000 r-xp 00000000 08:01 4195592                    /usr/lib/jvm/jdk1.6.0_45/jre/lib/amd64/libjava.so
7fa39832c000-7fa39842b000 ---p 00029000 08:01 4195592                    /usr/lib/jvm/jdk1.6.0_45/jre/lib/amd64/libjava.so
7fa39842b000-7fa398432000 rwxp 00028000 08:01 4195592                    /usr/lib/jvm/jdk1.6.0_45/jre/lib/amd64/libjava.so
7fa398432000-7fa39843f000 r-xp 00000000 08:01 4195589                    /usr/lib/jvm/jdk1.6.0_45/jre/lib/amd64/libverify.so
7fa39843f000-7fa39853e000 ---p 0000d000 08:01 4195589                    /usr/lib/jvm/jdk1.6.0_45/jre/lib/amd64/libverify.so
7fa39853e000-7fa398541000 rwxp 0000c000 08:01 4195589                    /usr/lib/jvm/jdk1.6.0_45/jre/lib/amd64/libverify.so
7fa398541000-7fa398548000 r-xp 00000000 08:01 1180173                    /lib/x86_64-linux-gnu/librt-2.15.so
7fa398548000-7fa398747000 ---p 00007000 08:01 1180173                    /lib/x86_64-linux-gnu/librt-2.15.so
7fa398747000-7fa398748000 r-xp 00006000 08:01 1180173                    /lib/x86_64-linux-gnu/librt-2.15.so
7fa398748000-7fa398749000 rwxp 00007000 08:01 1180173                    /lib/x86_64-linux-gnu/librt-2.15.so
7fa398749000-7fa39874c000 ---p 00000000 00:00 0 
7fa39874c000-7fa39884a000 rwxp 00000000 00:00 0 
7fa39884a000-7fa398945000 r-xp 00000000 08:01 1180177                    /lib/x86_64-linux-gnu/libm-2.15.so
7fa398945000-7fa398b44000 ---p 000fb000 08:01 1180177                    /lib/x86_64-linux-gnu/libm-2.15.so
7fa398b44000-7fa398b45000 r-xp 000fa000 08:01 1180177                    /lib/x86_64-linux-gnu/libm-2.15.so
7fa398b45000-7fa398b46000 rwxp 000fb000 08:01 1180177                    /lib/x86_64-linux-gnu/libm-2.15.so
7fa398b46000-7fa399464000 r-xp 00000000 08:01 4326712                    /usr/lib/jvm/jdk1.6.0_45/jre/lib/amd64/server/libjvm.so
7fa399464000-7fa399566000 ---p 0091e000 08:01 4326712                    /usr/lib/jvm/jdk1.6.0_45/jre/lib/amd64/server/libjvm.so
7fa399566000-7fa39971c000 rwxp 00920000 08:01 4326712                    /usr/lib/jvm/jdk1.6.0_45/jre/lib/amd64/server/libjvm.so
7fa39971c000-7fa399756000 rwxp 00000000 00:00 0 
7fa399756000-7fa39990b000 r-xp 00000000 08:01 1180166                    /lib/x86_64-linux-gnu/libc-2.15.so
7fa39990b000-7fa399b0b000 ---p 001b5000 08:01 1180166                    /lib/x86_64-linux-gnu/libc-2.15.so
7fa399b0b000-7fa399b0f000 r-xp 001b5000 08:01 1180166                    /lib/x86_64-linux-gnu/libc-2.15.so
7fa399b0f000-7fa399b11000 rwxp 001b9000 08:01 1180166                    /lib/x86_64-linux-gnu/libc-2.15.so
7fa399b11000-7fa399b16000 rwxp 00000000 00:00 0 
7fa399b16000-7fa399b18000 r-xp 00000000 08:01 1180181                    /lib/x86_64-linux-gnu/libdl-2.15.so
7fa399b18000-7fa399d18000 ---p 00002000 08:01 1180181                    /lib/x86_64-linux-gnu/libdl-2.15.so
7fa399d18000-7fa399d19000 r-xp 00002000 08:01 1180181                    /lib/x86_64-linux-gnu/libdl-2.15.so
7fa399d19000-7fa399d1a000 rwxp 00003000 08:01 1180181                    /lib/x86_64-linux-gnu/libdl-2.15.so
7fa399d1a000-7fa399d32000 r-xp 00000000 08:01 1180175                    /lib/x86_64-linux-gnu/libpthread-2.15.so
7fa399d32000-7fa399f31000 ---p 00018000 08:01 1180175                    /lib/x86_64-linux-gnu/libpthread-2.15.so
7fa399f31000-7fa399f32000 r-xp 00017000 08:01 1180175                    /lib/x86_64-linux-gnu/libpthread-2.15.so
7fa399f32000-7fa399f33000 rwxp 00018000 08:01 1180175                    /lib/x86_64-linux-gnu/libpthread-2.15.so
7fa399f33000-7fa399f37000 rwxp 00000000 00:00 0 
7fa399f37000-7fa399f59000 r-xp 00000000 08:01 1180178                    /lib/x86_64-linux-gnu/ld-2.15.so
7fa399f6f000-7fa399f79000 rwxp 00000000 00:00 0 
7fa399f79000-7fa39a02f000 rwxp 00000000 00:00 0 
7fa39a02f000-7fa39a032000 rwxp 00000000 00:00 0 
7fa39a032000-7fa39a039000 r-xp 00000000 08:01 4326109                    /usr/lib/jvm/jdk1.6.0_45/jre/lib/amd64/jli/libjli.so
7fa39a039000-7fa39a13a000 ---p 00007000 08:01 4326109                    /usr/lib/jvm/jdk1.6.0_45/jre/lib/amd64/jli/libjli.so
7fa39a13a000-7fa39a13c000 rwxp 00008000 08:01 4326109                    /usr/lib/jvm/jdk1.6.0_45/jre/lib/amd64/jli/libjli.so
7fa39a13c000-7fa39a13d000 rwxp 00000000 00:00 0 
7fa39a14d000-7fa39a155000 rwxs 00000000 08:01 1573046                    /tmp/hsperfdata_huanghua/12139
7fa39a155000-7fa39a156000 rwxp 00000000 00:00 0 
7fa39a156000-7fa39a157000 r-xp 00000000 00:00 0 
7fa39a157000-7fa39a159000 rwxp 00000000 00:00 0 
7fa39a159000-7fa39a15a000 r-xp 00022000 08:01 1180178                    /lib/x86_64-linux-gnu/ld-2.15.so
7fa39a15a000-7fa39a15c000 rwxp 00023000 08:01 1180178                    /lib/x86_64-linux-gnu/ld-2.15.so
7fff534fb000-7fff5351c000 rwxp 00000000 00:00 0                          [stack]
7fff535c9000-7fff535ca000 r-xp 00000000 00:00 0                          [vdso]
ffffffffff600000-ffffffffff601000 r-xp 00000000 00:00 0                  [vsyscall]

VM Arguments:
jvm_args: -Dfile.encoding=UTF-8 -Xbootclasspath:/home/huanghua/Android/adt-bundle-linux-x86_64-20130729/sdk/platforms/android-17/android.jar 
java_command: com.mephone.hellohwlockscreen.ChinaDate
Launcher Type: SUN_STANDARD

Environment Variables:
PATH=/home/huanghua/bin:/usr/lib/lightdm/lightdm:/usr/local/sbin:/usr/local/bin:/usr/sbin:/usr/bin:/sbin:/bin:/usr/games
LD_LIBRARY_PATH=/usr/lib/jvm/jdk1.6.0_45/jre/lib/amd64/server:/usr/lib/jvm/jdk1.6.0_45/jre/lib/amd64:/usr/lib/jvm/jdk1.6.0_45/jre/../lib/amd64
SHELL=/bin/bash
DISPLAY=:0.0

Signal Handlers:
SIGSEGV: [libjvm.so+0x862a30], sa_mask[0]=0x7ffbfeff, sa_flags=0x10000004
SIGBUS: [libjvm.so+0x862a30], sa_mask[0]=0x7ffbfeff, sa_flags=0x10000004
SIGFPE: [libjvm.so+0x7106f0], sa_mask[0]=0x7ffbfeff, sa_flags=0x10000004
SIGPIPE: [libjvm.so+0x7106f0], sa_mask[0]=0x7ffbfeff, sa_flags=0x10000004
SIGXFSZ: [libjvm.so+0x7106f0], sa_mask[0]=0x7ffbfeff, sa_flags=0x10000004
SIGILL: [libjvm.so+0x7106f0], sa_mask[0]=0x7ffbfeff, sa_flags=0x10000004
SIGUSR1: SIG_DFL, sa_mask[0]=0x00000000, sa_flags=0x00000000
SIGUSR2: [libjvm.so+0x713520], sa_mask[0]=0x00000004, sa_flags=0x10000004
SIGHUP: SIG_DFL, sa_mask[0]=0x00000000, sa_flags=0x00000000
SIGINT: SIG_DFL, sa_mask[0]=0x00000000, sa_flags=0x00000000
SIGTERM: SIG_DFL, sa_mask[0]=0x00000000, sa_flags=0x00000000
SIGQUIT: SIG_DFL, sa_mask[0]=0x00000000, sa_flags=0x00000000


---------------  S Y S T E M  ---------------

OS:wheezy/sid

uname:Linux 3.2.0-51-generic #77-Ubuntu SMP Wed Jul 24 20:18:19 UTC 2013 x86_64
libc:glibc 2.15 NPTL 2.15 
rlimit: STACK 8192k, CORE 0k, NPROC 125788, NOFILE 4096, AS infinity
load average:1.95 1.49 1.23

/proc/meminfo:
MemTotal:       16118492 kB
MemFree:        10167340 kB
Buffers:          525880 kB
Cached:          2134260 kB
SwapCached:            0 kB
Active:          3836632 kB
Inactive:        1507616 kB
Active(anon):    2885516 kB
Inactive(anon):   231056 kB
Active(file):     951116 kB
Inactive(file):  1276560 kB
Unevictable:          16 kB
Mlocked:              16 kB
SwapTotal:       8788988 kB
SwapFree:        8788988 kB
Dirty:              2516 kB
Writeback:             0 kB
AnonPages:       2684476 kB
Mapped:           337692 kB
Shmem:            432468 kB
Slab:             344280 kB
SReclaimable:     289448 kB
SUnreclaim:        54832 kB
KernelStack:        6504 kB
PageTables:        53144 kB
NFS_Unstable:          0 kB
Bounce:                0 kB
WritebackTmp:          0 kB
CommitLimit:    16848232 kB
Committed_AS:    7821680 kB
VmallocTotal:   34359738367 kB
VmallocUsed:      384072 kB
VmallocChunk:   34359314316 kB
HardwareCorrupted:     0 kB
AnonHugePages:         0 kB
HugePages_Total:       0
HugePages_Free:        0
HugePages_Rsvd:        0
HugePages_Surp:        0
Hugepagesize:       2048 kB
DirectMap4k:       77824 kB
DirectMap2M:    16402432 kB


CPU:total 8 (4 cores per cpu, 2 threads per core) family 6 model 58 stepping 9, cmov, cx8, fxsr, mmx, sse, sse2, sse3, ssse3, sse4.1, sse4.2, popcnt, ht

/proc/cpuinfo:
processor	: 0
vendor_id	: GenuineIntel
cpu family	: 6
model		: 58
model name	: Intel(R) Core(TM) i7-3770 CPU @ 3.40GHz
stepping	: 9
microcode	: 0x16
cpu MHz		: 1600.000
cache size	: 8192 KB
physical id	: 0
siblings	: 8
core id		: 0
cpu cores	: 4
apicid		: 0
initial apicid	: 0
fpu		: yes
fpu_exception	: yes
cpuid level	: 13
wp		: yes
flags		: fpu vme de pse tsc msr pae mce cx8 apic sep mtrr pge mca cmov pat pse36 clflush dts acpi mmx fxsr sse sse2 ss ht tm pbe syscall nx rdtscp lm constant_tsc arch_perfmon pebs bts rep_good nopl xtopology nonstop_tsc aperfmperf pni pclmulqdq dtes64 monitor ds_cpl vmx smx est tm2 ssse3 cx16 xtpr pdcm pcid sse4_1 sse4_2 x2apic popcnt tsc_deadline_timer aes xsave avx f16c rdrand lahf_lm ida arat epb xsaveopt pln pts dtherm tpr_shadow vnmi flexpriority ept vpid fsgsbase smep erms
bogomips	: 6820.10
clflush size	: 64
cache_alignment	: 64
address sizes	: 36 bits physical, 48 bits virtual
power management:

processor	: 1
vendor_id	: GenuineIntel
cpu family	: 6
model		: 58
model name	: Intel(R) Core(TM) i7-3770 CPU @ 3.40GHz
stepping	: 9
microcode	: 0x16
cpu MHz		: 3401.000
cache size	: 8192 KB
physical id	: 0
siblings	: 8
core id		: 1
cpu cores	: 4
apicid		: 2
initial apicid	: 2
fpu		: yes
fpu_exception	: yes
cpuid level	: 13
wp		: yes
flags		: fpu vme de pse tsc msr pae mce cx8 apic sep mtrr pge mca cmov pat pse36 clflush dts acpi mmx fxsr sse sse2 ss ht tm pbe syscall nx rdtscp lm constant_tsc arch_perfmon pebs bts rep_good nopl xtopology nonstop_tsc aperfmperf pni pclmulqdq dtes64 monitor ds_cpl vmx smx est tm2 ssse3 cx16 xtpr pdcm pcid sse4_1 sse4_2 x2apic popcnt tsc_deadline_timer aes xsave avx f16c rdrand lahf_lm ida arat epb xsaveopt pln pts dtherm tpr_shadow vnmi flexpriority ept vpid fsgsbase smep erms
bogomips	: 6819.89
clflush size	: 64
cache_alignment	: 64
address sizes	: 36 bits physical, 48 bits virtual
power management:

processor	: 2
vendor_id	: GenuineIntel
cpu family	: 6
model		: 58
model name	: Intel(R) Core(TM) i7-3770 CPU @ 3.40GHz
stepping	: 9
microcode	: 0x16
cpu MHz		: 1600.000
cache size	: 8192 KB
physical id	: 0
siblings	: 8
core id		: 2
cpu cores	: 4
apicid		: 4
initial apicid	: 4
fpu		: yes
fpu_exception	: yes
cpuid level	: 13
wp		: yes
flags		: fpu vme de pse tsc msr pae mce cx8 apic sep mtrr pge mca cmov pat pse36 clflush dts acpi mmx fxsr sse sse2 ss ht tm pbe syscall nx rdtscp lm constant_tsc arch_perfmon pebs bts rep_good nopl xtopology nonstop_tsc aperfmperf pni pclmulqdq dtes64 monitor ds_cpl vmx smx est tm2 ssse3 cx16 xtpr pdcm pcid sse4_1 sse4_2 x2apic popcnt tsc_deadline_timer aes xsave avx f16c rdrand lahf_lm ida arat epb xsaveopt pln pts dtherm tpr_shadow vnmi flexpriority ept vpid fsgsbase smep erms
bogomips	: 6819.90
clflush size	: 64
cache_alignment	: 64
address sizes	: 36 bits physical, 48 bits virtual
power management:

processor	: 3
vendor_id	: GenuineIntel
cpu family	: 6
model		: 58
model name	: Intel(R) Core(TM) i7-3770 CPU @ 3.40GHz
stepping	: 9
microcode	: 0x16
cpu MHz		: 1600.000
cache size	: 8192 KB
physical id	: 0
siblings	: 8
core id		: 3
cpu cores	: 4
apicid		: 6
initial apicid	: 6
fpu		: yes
fpu_exception	: yes
cpuid level	: 13
wp		: yes
flags		: fpu vme de pse tsc msr pae mce cx8 apic sep mtrr pge mca cmov pat pse36 clflush dts acpi mmx fxsr sse sse2 ss ht tm pbe syscall nx rdtscp lm constant_tsc arch_perfmon pebs bts rep_good nopl xtopology nonstop_tsc aperfmperf pni pclmulqdq dtes64 monitor ds_cpl vmx smx est tm2 ssse3 cx16 xtpr pdcm pcid sse4_1 sse4_2 x2apic popcnt tsc_deadline_timer aes xsave avx f16c rdrand lahf_lm ida arat epb xsaveopt pln pts dtherm tpr_shadow vnmi flexpriority ept vpid fsgsbase smep erms
bogomips	: 6819.90
clflush size	: 64
cache_alignment	: 64
address sizes	: 36 bits physical, 48 bits virtual
power management:

processor	: 4
vendor_id	: GenuineIntel
cpu family	: 6
model		: 58
model name	: Intel(R) Core(TM) i7-3770 CPU @ 3.40GHz
stepping	: 9
microcode	: 0x16
cpu MHz		: 3401.000
cache size	: 8192 KB
physical id	: 0
siblings	: 8
core id		: 0
cpu cores	: 4
apicid		: 1
initial apicid	: 1
fpu		: yes
fpu_exception	: yes
cpuid level	: 13
wp		: yes
flags		: fpu vme de pse tsc msr pae mce cx8 apic sep mtrr pge mca cmov pat pse36 clflush dts acpi mmx fxsr sse sse2 ss ht tm pbe syscall nx rdtscp lm constant_tsc arch_perfmon pebs bts rep_good nopl xtopology nonstop_tsc aperfmperf pni pclmulqdq dtes64 monitor ds_cpl vmx smx est tm2 ssse3 cx16 xtpr pdcm pcid sse4_1 sse4_2 x2apic popcnt tsc_deadline_timer aes xsave avx f16c rdrand lahf_lm ida arat epb xsaveopt pln pts dtherm tpr_shadow vnmi flexpriority ept vpid fsgsbase smep erms
bogomips	: 6819.89
clflush size	: 64
cache_alignment	: 64
address sizes	: 36 bits physical, 48 bits virtual
power management:

processor	: 5
vendor_id	: GenuineIntel
cpu family	: 6
model		: 58
model name	: Intel(R) Core(TM) i7-3770 CPU @ 3.40GHz
stepping	: 9
microcode	: 0x16
cpu MHz		: 1600.000
cache size	: 8192 KB
physical id	: 0
siblings	: 8
core id		: 1
cpu cores	: 4
apicid		: 3
initial apicid	: 3
fpu		: yes
fpu_exception	: yes
cpuid level	: 13
wp		: yes
flags		: fpu vme de pse tsc msr pae mce cx8 apic sep mtrr pge mca cmov pat pse36 clflush dts acpi mmx fxsr sse sse2 ss ht tm pbe syscall nx rdtscp lm constant_tsc arch_perfmon pebs bts rep_good nopl xtopology nonstop_tsc aperfmperf pni pclmulqdq dtes64 monitor ds_cpl vmx smx est tm2 ssse3 cx16 xtpr pdcm pcid sse4_1 sse4_2 x2apic popcnt tsc_deadline_timer aes xsave avx f16c rdrand lahf_lm ida arat epb xsaveopt pln pts dtherm tpr_shadow vnmi flexpriority ept vpid fsgsbase smep erms
bogomips	: 6819.90
clflush size	: 64
cache_alignment	: 64
address sizes	: 36 bits physical, 48 bits virtual
power management:

processor	: 6
vendor_id	: GenuineIntel
cpu family	: 6
model		: 58
model name	: Intel(R) Core(TM) i7-3770 CPU @ 3.40GHz
stepping	: 9
microcode	: 0x16
cpu MHz		: 3300.000
cache size	: 8192 KB
physical id	: 0
siblings	: 8
core id		: 2
cpu cores	: 4
apicid		: 5
initial apicid	: 5
fpu		: yes
fpu_exception	: yes
cpuid level	: 13
wp		: yes
flags		: fpu vme de pse tsc msr pae mce cx8 apic sep mtrr pge mca cmov pat pse36 clflush dts acpi mmx fxsr sse sse2 ss ht tm pbe syscall nx rdtscp lm constant_tsc arch_perfmon pebs bts rep_good nopl xtopology nonstop_tsc aperfmperf pni pclmulqdq dtes64 monitor ds_cpl vmx smx est tm2 ssse3 cx16 xtpr pdcm pcid sse4_1 sse4_2 x2apic popcnt tsc_deadline_timer aes xsave avx f16c rdrand lahf_lm ida arat epb xsaveopt pln pts dtherm tpr_shadow vnmi flexpriority ept vpid fsgsbase smep erms
bogomips	: 6819.90
clflush size	: 64
cache_alignment	: 64
address sizes	: 36 bits physical, 48 bits virtual
power management:

processor	: 7
vendor_id	: GenuineIntel
cpu family	: 6
model		: 58
model name	: Intel(R) Core(TM) i7-3770 CPU @ 3.40GHz
stepping	: 9
microcode	: 0x16
cpu MHz		: 3401.000
cache size	: 8192 KB
physical id	: 0
siblings	: 8
core id		: 3
cpu cores	: 4
apicid		: 7
initial apicid	: 7
fpu		: yes
fpu_exception	: yes
cpuid level	: 13
wp		: yes
flags		: fpu vme de pse tsc msr pae mce cx8 apic sep mtrr pge mca cmov pat pse36 clflush dts acpi mmx fxsr sse sse2 ss ht tm pbe syscall nx rdtscp lm constant_tsc arch_perfmon pebs bts rep_good nopl xtopology nonstop_tsc aperfmperf pni pclmulqdq dtes64 monitor ds_cpl vmx smx est tm2 ssse3 cx16 xtpr pdcm pcid sse4_1 sse4_2 x2apic popcnt tsc_deadline_timer aes xsave avx f16c rdrand lahf_lm ida arat epb xsaveopt pln pts dtherm tpr_shadow vnmi flexpriority ept vpid fsgsbase smep erms
bogomips	: 6819.89
clflush size	: 64
cache_alignment	: 64
address sizes	: 36 bits physical, 48 bits virtual
power management:



Memory: 4k page, physical 16118492k(10167340k free), swap 8788988k(8788988k free)

vm_info: Java HotSpot(TM) 64-Bit Server VM (20.45-b01) for linux-amd64 JRE (1.6.0_45-b06), built on Mar 26 2013 14:07:02 by "java_re" with gcc 3.2.2 (SuSE Linux)

time: Tue Feb 18 16:57:40 2014
elapsed time: 0 seconds

