#
# A fatal error has been detected by the Java Runtime Environment:
#
#  Internal Error (classFileParser.cpp:3494), pid=11846, tid=140360258918144
#  Error: ShouldNotReachHere()
#
# JRE version: 6.0_45-b06
# Java VM: Java HotSpot(TM) 64-Bit Server VM (20.45-b01 mixed mode linux-amd64 compressed oops)
# If you would like to submit a bug report, please visit:
#   http://java.sun.com/webapps/bugreport/crash.jsp
#

---------------  T H R E A D  ---------------

Current thread (0x00007fa824007800):  JavaThread "Unknown thread" [_thread_in_vm, id=11852, stack(0x00007fa82b4f9000,0x00007fa82b5fa000)]

Stack: [0x00007fa82b4f9000,0x00007fa82b5fa000],  sp=0x00007fa82b5f8150,  free space=1020k
Native frames: (J=compiled Java code, j=interpreted, Vv=VM code, C=native code)
V  [libjvm.so+0x861e05]  VMError::report_and_die()+0x265
V  [libjvm.so+0x3e5ed6]  report_should_not_reach_here(char const*, int)+0x46
V  [libjvm.so+0x36f26b]  ClassFileParser::parseClassFile(symbolHandle, Handle, Handle, KlassHandle, GrowableArray<Handle>*, symbolHandle&, bool, Thread*)+0x2b8b
V  [libjvm.so+0x3756ff]  ClassLoader::load_classfile(symbolHandle, Thread*)+0x22f
V  [libjvm.so+0x7eebff]  SystemDictionary::load_instance_class(symbolHandle, Handle, Thread*)+0xef
V  [libjvm.so+0x7ecbe5]  SystemDictionary::resolve_instance_class_or_null(symbolHandle, Handle, Handle, Thread*)+0x575
V  [libjvm.so+0x7eb971]  SystemDictionary::resolve_or_null(symbolHandle, Handle, Handle, Thread*)+0x81
V  [libjvm.so+0x7eb584]  SystemDictionary::resolve_or_fail(symbolHandle, Handle, Handle, bool, Thread*)+0x34
V  [libjvm.so+0x7f0400]  SystemDictionary::initialize_wk_klass(SystemDictionary::WKID, int, Thread*)+0x70
V  [libjvm.so+0x7f0495]  SystemDictionary::initialize_wk_klasses_until(SystemDictionary::WKID, SystemDictionary::WKID&, Thread*)+0x45
V  [libjvm.so+0x7f0575]  SystemDictionary::initialize_preloaded_classes(Thread*)+0x75
V  [libjvm.so+0x7f0328]  SystemDictionary::initialize(Thread*)+0xd8
V  [libjvm.so+0x837cf8]  Universe::genesis(Thread*)+0x598
V  [libjvm.so+0x839c29]  universe2_init()+0x29
V  [libjvm.so+0x4ae42c]  init_globals()+0x8c
V  [libjvm.so+0x820014]  Threads::create_vm(JavaVMInitArgs*, bool*)+0x214
V  [libjvm.so+0x51c800]  JNI_CreateJavaVM+0x80


---------------  P R O C E S S  ---------------

Java Threads: ( => current thread )

Other Threads:

=>0x00007fa824007800 (exited) JavaThread "Unknown thread" [_thread_in_vm, id=11852, stack(0x00007fa82b4f9000,0x00007fa82b5fa000)]

VM state:not at safepoint (not fully initialized)

VM Mutex/Monitor currently owned by a thread: None

Dynamic libraries:
40000000-40009000 r-xp 00000000 08:01 4852050                            /usr/lib/jvm/jdk1.6.0_45/bin/java
40108000-4010a000 rwxp 00008000 08:01 4852050                            /usr/lib/jvm/jdk1.6.0_45/bin/java
4177e000-4179f000 rwxp 00000000 00:00 0                                  [heap]
704e00000-7062c0000 rwxp 00000000 00:00 0 
7062c0000-70a000000 rwxp 00000000 00:00 0 
70a000000-714400000 rwxp 00000000 00:00 0 
714400000-7ae000000 rwxp 00000000 00:00 0 
7ae000000-7b3200000 rwxp 00000000 00:00 0 
7b3200000-800000000 rwxp 00000000 00:00 0 
7fa7fc000000-7fa7fc021000 rwxp 00000000 00:00 0 
7fa7fc021000-7fa800000000 ---p 00000000 00:00 0 
7fa804000000-7fa804021000 rwxp 00000000 00:00 0 
7fa804021000-7fa808000000 ---p 00000000 00:00 0 
7fa808000000-7fa808021000 rwxp 00000000 00:00 0 
7fa808021000-7fa80c000000 ---p 00000000 00:00 0 
7fa80c000000-7fa80c021000 rwxp 00000000 00:00 0 
7fa80c021000-7fa810000000 ---p 00000000 00:00 0 
7fa810000000-7fa810021000 rwxp 00000000 00:00 0 
7fa810021000-7fa814000000 ---p 00000000 00:00 0 
7fa814000000-7fa814021000 rwxp 00000000 00:00 0 
7fa814021000-7fa818000000 ---p 00000000 00:00 0 
7fa818000000-7fa818021000 rwxp 00000000 00:00 0 
7fa818021000-7fa81c000000 ---p 00000000 00:00 0 
7fa81c000000-7fa81c021000 rwxp 00000000 00:00 0 
7fa81c021000-7fa820000000 ---p 00000000 00:00 0 
7fa821000000-7fa821270000 rwxp 00000000 00:00 0 
7fa821270000-7fa824088000 rwxp 00000000 00:00 0 
7fa824088000-7fa828000000 ---p 00000000 00:00 0 
7fa82914a000-7fa829210000 r-xs 0116f000 08:06 7241418                    /home/huanghua/Android/adt-bundle-linux-x86_64-20130729/sdk/platforms/android-17/android.jar
7fa829210000-7fa829238000 rwxp 00000000 00:00 0 
7fa829238000-7fa829239000 ---p 00000000 00:00 0 
7fa829239000-7fa829339000 rwxp 00000000 00:00 0 
7fa829339000-7fa82933a000 ---p 00000000 00:00 0 
7fa82933a000-7fa82943a000 rwxp 00000000 00:00 0 
7fa82943a000-7fa82943b000 ---p 00000000 00:00 0 
7fa82943b000-7fa82953b000 rwxp 00000000 00:00 0 
7fa82953b000-7fa82953c000 ---p 00000000 00:00 0 
7fa82953c000-7fa82963c000 rwxp 00000000 00:00 0 
7fa82963c000-7fa82963d000 ---p 00000000 00:00 0 
7fa82963d000-7fa82973d000 rwxp 00000000 00:00 0 
7fa82973d000-7fa82973e000 ---p 00000000 00:00 0 
7fa82973e000-7fa82983e000 rwxp 00000000 00:00 0 
7fa82983e000-7fa82983f000 ---p 00000000 00:00 0 
7fa82983f000-7fa82993f000 rwxp 00000000 00:00 0 
7fa82993f000-7fa829940000 ---p 00000000 00:00 0 
7fa829940000-7fa829a4b000 rwxp 00000000 00:00 0 
7fa829a4b000-7fa829a69000 rwxp 00000000 00:00 0 
7fa829a69000-7fa829abb000 rwxp 00000000 00:00 0 
7fa829abb000-7fa829f89000 rwxp 00000000 00:00 0 
7fa829f89000-7fa829f94000 rwxp 00000000 00:00 0 
7fa829f94000-7fa829fb2000 rwxp 00000000 00:00 0 
7fa829fb2000-7fa82a004000 rwxp 00000000 00:00 0 
7fa82a004000-7fa82a4d2000 rwxp 00000000 00:00 0 
7fa82a4d2000-7fa82a4fb000 rwxp 00000000 00:00 0 
7fa82a4fb000-7fa82a762000 rwxp 00000000 00:00 0 
7fa82a762000-7fa82a763000 rwxp 00000000 00:00 0 
7fa82a763000-7fa82a771000 r-xp 00000000 08:01 4195597                    /usr/lib/jvm/jdk1.6.0_45/jre/lib/amd64/libzip.so
7fa82a771000-7fa82a873000 ---p 0000e000 08:01 4195597                    /usr/lib/jvm/jdk1.6.0_45/jre/lib/amd64/libzip.so
7fa82a873000-7fa82a876000 rwxp 00010000 08:01 4195597                    /usr/lib/jvm/jdk1.6.0_45/jre/lib/amd64/libzip.so
7fa82a876000-7fa82a877000 rwxp 00000000 00:00 0 
7fa82a877000-7fa82a883000 r-xp 00000000 08:01 1180170                    /lib/x86_64-linux-gnu/libnss_files-2.15.so
7fa82a883000-7fa82aa82000 ---p 0000c000 08:01 1180170                    /lib/x86_64-linux-gnu/libnss_files-2.15.so
7fa82aa82000-7fa82aa83000 r-xp 0000b000 08:01 1180170                    /lib/x86_64-linux-gnu/libnss_files-2.15.so
7fa82aa83000-7fa82aa84000 rwxp 0000c000 08:01 1180170                    /lib/x86_64-linux-gnu/libnss_files-2.15.so
7fa82aa84000-7fa82aa8e000 r-xp 00000000 08:01 1180174                    /lib/x86_64-linux-gnu/libnss_nis-2.15.so
7fa82aa8e000-7fa82ac8e000 ---p 0000a000 08:01 1180174                    /lib/x86_64-linux-gnu/libnss_nis-2.15.so
7fa82ac8e000-7fa82ac8f000 r-xp 0000a000 08:01 1180174                    /lib/x86_64-linux-gnu/libnss_nis-2.15.so
7fa82ac8f000-7fa82ac90000 rwxp 0000b000 08:01 1180174                    /lib/x86_64-linux-gnu/libnss_nis-2.15.so
7fa82ac90000-7fa82ac98000 r-xp 00000000 08:01 1180168                    /lib/x86_64-linux-gnu/libnss_compat-2.15.so
7fa82ac98000-7fa82ae97000 ---p 00008000 08:01 1180168                    /lib/x86_64-linux-gnu/libnss_compat-2.15.so
7fa82ae97000-7fa82ae98000 r-xp 00007000 08:01 1180168                    /lib/x86_64-linux-gnu/libnss_compat-2.15.so
7fa82ae98000-7fa82ae99000 rwxp 00008000 08:01 1180168                    /lib/x86_64-linux-gnu/libnss_compat-2.15.so
7fa82ae99000-7fa82aeb0000 r-xp 00000000 08:01 1180187                    /lib/x86_64-linux-gnu/libnsl-2.15.so
7fa82aeb0000-7fa82b0af000 ---p 00017000 08:01 1180187                    /lib/x86_64-linux-gnu/libnsl-2.15.so
7fa82b0af000-7fa82b0b0000 r-xp 00016000 08:01 1180187                    /lib/x86_64-linux-gnu/libnsl-2.15.so
7fa82b0b0000-7fa82b0b1000 rwxp 00017000 08:01 1180187                    /lib/x86_64-linux-gnu/libnsl-2.15.so
7fa82b0b1000-7fa82b0b3000 rwxp 00000000 00:00 0 
7fa82b0b3000-7fa82b0dc000 r-xp 00000000 08:01 4195592                    /usr/lib/jvm/jdk1.6.0_45/jre/lib/amd64/libjava.so
7fa82b0dc000-7fa82b1db000 ---p 00029000 08:01 4195592                    /usr/lib/jvm/jdk1.6.0_45/jre/lib/amd64/libjava.so
7fa82b1db000-7fa82b1e2000 rwxp 00028000 08:01 4195592                    /usr/lib/jvm/jdk1.6.0_45/jre/lib/amd64/libjava.so
7fa82b1e2000-7fa82b1ef000 r-xp 00000000 08:01 4195589                    /usr/lib/jvm/jdk1.6.0_45/jre/lib/amd64/libverify.so
7fa82b1ef000-7fa82b2ee000 ---p 0000d000 08:01 4195589                    /usr/lib/jvm/jdk1.6.0_45/jre/lib/amd64/libverify.so
7fa82b2ee000-7fa82b2f1000 rwxp 0000c000 08:01 4195589                    /usr/lib/jvm/jdk1.6.0_45/jre/lib/amd64/libverify.so
7fa82b2f1000-7fa82b2f8000 r-xp 00000000 08:01 1180173                    /lib/x86_64-linux-gnu/librt-2.15.so
7fa82b2f8000-7fa82b4f7000 ---p 00007000 08:01 1180173                    /lib/x86_64-linux-gnu/librt-2.15.so
7fa82b4f7000-7fa82b4f8000 r-xp 00006000 08:01 1180173                    /lib/x86_64-linux-gnu/librt-2.15.so
7fa82b4f8000-7fa82b4f9000 rwxp 00007000 08:01 1180173                    /lib/x86_64-linux-gnu/librt-2.15.so
7fa82b4f9000-7fa82b4fc000 ---p 00000000 00:00 0 
7fa82b4fc000-7fa82b5fa000 rwxp 00000000 00:00 0 
7fa82b5fa000-7fa82b6f5000 r-xp 00000000 08:01 1180177                    /lib/x86_64-linux-gnu/libm-2.15.so
7fa82b6f5000-7fa82b8f4000 ---p 000fb000 08:01 1180177                    /lib/x86_64-linux-gnu/libm-2.15.so
7fa82b8f4000-7fa82b8f5000 r-xp 000fa000 08:01 1180177                    /lib/x86_64-linux-gnu/libm-2.15.so
7fa82b8f5000-7fa82b8f6000 rwxp 000fb000 08:01 1180177                    /lib/x86_64-linux-gnu/libm-2.15.so
7fa82b8f6000-7fa82c214000 r-xp 00000000 08:01 4326712                    /usr/lib/jvm/jdk1.6.0_45/jre/lib/amd64/server/libjvm.so
7fa82c214000-7fa82c316000 ---p 0091e000 08:01 4326712                    /usr/lib/jvm/jdk1.6.0_45/jre/lib/amd64/server/libjvm.so
7fa82c316000-7fa82c4cc000 rwxp 00920000 08:01 4326712                    /usr/lib/jvm/jdk1.6.0_45/jre/lib/amd64/server/libjvm.so
7fa82c4cc000-7fa82c506000 rwxp 00000000 00:00 0 
7fa82c506000-7fa82c6bb000 r-xp 00000000 08:01 1180166                    /lib/x86_64-linux-gnu/libc-2.15.so
7fa82c6bb000-7fa82c8bb000 ---p 001b5000 08:01 1180166                    /lib/x86_64-linux-gnu/libc-2.15.so
7fa82c8bb000-7fa82c8bf000 r-xp 001b5000 08:01 1180166                    /lib/x86_64-linux-gnu/libc-2.15.so
7fa82c8bf000-7fa82c8c1000 rwxp 001b9000 08:01 1180166                    /lib/x86_64-linux-gnu/libc-2.15.so
7fa82c8c1000-7fa82c8c6000 rwxp 00000000 00:00 0 
7fa82c8c6000-7fa82c8c8000 r-xp 00000000 08:01 1180181                    /lib/x86_64-linux-gnu/libdl-2.15.so
7fa82c8c8000-7fa82cac8000 ---p 00002000 08:01 1180181                    /lib/x86_64-linux-gnu/libdl-2.15.so
7fa82cac8000-7fa82cac9000 r-xp 00002000 08:01 1180181                    /lib/x86_64-linux-gnu/libdl-2.15.so
7fa82cac9000-7fa82caca000 rwxp 00003000 08:01 1180181                    /lib/x86_64-linux-gnu/libdl-2.15.so
7fa82caca000-7fa82cae2000 r-xp 00000000 08:01 1180175                    /lib/x86_64-linux-gnu/libpthread-2.15.so
7fa82cae2000-7fa82cce1000 ---p 00018000 08:01 1180175                    /lib/x86_64-linux-gnu/libpthread-2.15.so
7fa82cce1000-7fa82cce2000 r-xp 00017000 08:01 1180175                    /lib/x86_64-linux-gnu/libpthread-2.15.so
7fa82cce2000-7fa82cce3000 rwxp 00018000 08:01 1180175                    /lib/x86_64-linux-gnu/libpthread-2.15.so
7fa82cce3000-7fa82cce7000 rwxp 00000000 00:00 0 
7fa82cce7000-7fa82cd09000 r-xp 00000000 08:01 1180178                    /lib/x86_64-linux-gnu/ld-2.15.so
7fa82cd1f000-7fa82cd29000 rwxp 00000000 00:00 0 
7fa82cd29000-7fa82cddf000 rwxp 00000000 00:00 0 
7fa82cddf000-7fa82cde2000 rwxp 00000000 00:00 0 
7fa82cde2000-7fa82cde9000 r-xp 00000000 08:01 4326109                    /usr/lib/jvm/jdk1.6.0_45/jre/lib/amd64/jli/libjli.so
7fa82cde9000-7fa82ceea000 ---p 00007000 08:01 4326109                    /usr/lib/jvm/jdk1.6.0_45/jre/lib/amd64/jli/libjli.so
7fa82ceea000-7fa82ceec000 rwxp 00008000 08:01 4326109                    /usr/lib/jvm/jdk1.6.0_45/jre/lib/amd64/jli/libjli.so
7fa82ceec000-7fa82ceed000 rwxp 00000000 00:00 0 
7fa82cefd000-7fa82cf05000 rwxs 00000000 08:01 1573046                    /tmp/hsperfdata_huanghua/11846
7fa82cf05000-7fa82cf06000 rwxp 00000000 00:00 0 
7fa82cf06000-7fa82cf07000 r-xp 00000000 00:00 0 
7fa82cf07000-7fa82cf09000 rwxp 00000000 00:00 0 
7fa82cf09000-7fa82cf0a000 r-xp 00022000 08:01 1180178                    /lib/x86_64-linux-gnu/ld-2.15.so
7fa82cf0a000-7fa82cf0c000 rwxp 00023000 08:01 1180178                    /lib/x86_64-linux-gnu/ld-2.15.so
7fffdfff6000-7fffe0017000 rwxp 00000000 00:00 0                          [stack]
7fffe01df000-7fffe01e0000 r-xp 00000000 00:00 0                          [vdso]
ffffffffff600000-ffffffffff601000 r-xp 00000000 00:00 0                  [vsyscall]

VM Arguments:
jvm_args: -Dfile.encoding=UTF-8 -Xbootclasspath:/home/huanghua/Android/adt-bundle-linux-x86_64-20130729/sdk/platforms/android-17/android.jar 
java_command: com.mephone.hellohwlockscreen.ChinaDate
Launcher Type: SUN_STANDARD

Environment Variables:
PATH=/home/huanghua/bin:/usr/lib/lightdm/lightdm:/usr/local/sbin:/usr/local/bin:/usr/sbin:/usr/bin:/sbin:/bin:/usr/games
LD_LIBRARY_PATH=/usr/lib/jvm/jdk1.6.0_45/jre/lib/amd64/server:/usr/lib/jvm/jdk1.6.0_45/jre/lib/amd64:/usr/lib/jvm/jdk1.6.0_45/jre/../lib/amd64
SHELL=/bin/bash
DISPLAY=:0.0

Signal Handlers:
SIGSEGV: [libjvm.so+0x862a30], sa_mask[0]=0x7ffbfeff, sa_flags=0x10000004
SIGBUS: [libjvm.so+0x862a30], sa_mask[0]=0x7ffbfeff, sa_flags=0x10000004
SIGFPE: [libjvm.so+0x7106f0], sa_mask[0]=0x7ffbfeff, sa_flags=0x10000004
SIGPIPE: [libjvm.so+0x7106f0], sa_mask[0]=0x7ffbfeff, sa_flags=0x10000004
SIGXFSZ: [libjvm.so+0x7106f0], sa_mask[0]=0x7ffbfeff, sa_flags=0x10000004
SIGILL: [libjvm.so+0x7106f0], sa_mask[0]=0x7ffbfeff, sa_flags=0x10000004
SIGUSR1: SIG_DFL, sa_mask[0]=0x00000000, sa_flags=0x00000000
SIGUSR2: [libjvm.so+0x713520], sa_mask[0]=0x00000004, sa_flags=0x10000004
SIGHUP: SIG_DFL, sa_mask[0]=0x00000000, sa_flags=0x00000000
SIGINT: SIG_DFL, sa_mask[0]=0x00000000, sa_flags=0x00000000
SIGTERM: SIG_DFL, sa_mask[0]=0x00000000, sa_flags=0x00000000
SIGQUIT: SIG_DFL, sa_mask[0]=0x00000000, sa_flags=0x00000000


---------------  S Y S T E M  ---------------

OS:wheezy/sid

uname:Linux 3.2.0-51-generic #77-Ubuntu SMP Wed Jul 24 20:18:19 UTC 2013 x86_64
libc:glibc 2.15 NPTL 2.15 
rlimit: STACK 8192k, CORE 0k, NPROC 125788, NOFILE 4096, AS infinity
load average:1.28 1.23 1.13

/proc/meminfo:
MemTotal:       16118492 kB
MemFree:        10093148 kB
Buffers:          510440 kB
Cached:          2129384 kB
SwapCached:            0 kB
Active:          3888068 kB
Inactive:        1531536 kB
Active(anon):    2988460 kB
Inactive(anon):   218292 kB
Active(file):     899608 kB
Inactive(file):  1313244 kB
Unevictable:          16 kB
Mlocked:              16 kB
SwapTotal:       8788988 kB
SwapFree:        8788988 kB
Dirty:              3416 kB
Writeback:             0 kB
AnonPages:       2779820 kB
Mapped:           351100 kB
Shmem:            426980 kB
Slab:             341732 kB
SReclaimable:     286980 kB
SUnreclaim:        54752 kB
KernelStack:        6384 kB
PageTables:        53056 kB
NFS_Unstable:          0 kB
Bounce:                0 kB
WritebackTmp:          0 kB
CommitLimit:    16848232 kB
Committed_AS:    7789276 kB
VmallocTotal:   34359738367 kB
VmallocUsed:      384052 kB
VmallocChunk:   34359314316 kB
HardwareCorrupted:     0 kB
AnonHugePages:         0 kB
HugePages_Total:       0
HugePages_Free:        0
HugePages_Rsvd:        0
HugePages_Surp:        0
Hugepagesize:       2048 kB
DirectMap4k:       77824 kB
DirectMap2M:    16402432 kB


CPU:total 8 (4 cores per cpu, 2 threads per core) family 6 model 58 stepping 9, cmov, cx8, fxsr, mmx, sse, sse2, sse3, ssse3, sse4.1, sse4.2, popcnt, ht

/proc/cpuinfo:
processor	: 0
vendor_id	: GenuineIntel
cpu family	: 6
model		: 58
model name	: Intel(R) Core(TM) i7-3770 CPU @ 3.40GHz
stepping	: 9
microcode	: 0x16
cpu MHz		: 1600.000
cache size	: 8192 KB
physical id	: 0
siblings	: 8
core id		: 0
cpu cores	: 4
apicid		: 0
initial apicid	: 0
fpu		: yes
fpu_exception	: yes
cpuid level	: 13
wp		: yes
flags		: fpu vme de pse tsc msr pae mce cx8 apic sep mtrr pge mca cmov pat pse36 clflush dts acpi mmx fxsr sse sse2 ss ht tm pbe syscall nx rdtscp lm constant_tsc arch_perfmon pebs bts rep_good nopl xtopology nonstop_tsc aperfmperf pni pclmulqdq dtes64 monitor ds_cpl vmx smx est tm2 ssse3 cx16 xtpr pdcm pcid sse4_1 sse4_2 x2apic popcnt tsc_deadline_timer aes xsave avx f16c rdrand lahf_lm ida arat epb xsaveopt pln pts dtherm tpr_shadow vnmi flexpriority ept vpid fsgsbase smep erms
bogomips	: 6820.10
clflush size	: 64
cache_alignment	: 64
address sizes	: 36 bits physical, 48 bits virtual
power management:

processor	: 1
vendor_id	: GenuineIntel
cpu family	: 6
model		: 58
model name	: Intel(R) Core(TM) i7-3770 CPU @ 3.40GHz
stepping	: 9
microcode	: 0x16
cpu MHz		: 1600.000
cache size	: 8192 KB
physical id	: 0
siblings	: 8
core id		: 1
cpu cores	: 4
apicid		: 2
initial apicid	: 2
fpu		: yes
fpu_exception	: yes
cpuid level	: 13
wp		: yes
flags		: fpu vme de pse tsc msr pae mce cx8 apic sep mtrr pge mca cmov pat pse36 clflush dts acpi mmx fxsr sse sse2 ss ht tm pbe syscall nx rdtscp lm constant_tsc arch_perfmon pebs bts rep_good nopl xtopology nonstop_tsc aperfmperf pni pclmulqdq dtes64 monitor ds_cpl vmx smx est tm2 ssse3 cx16 xtpr pdcm pcid sse4_1 sse4_2 x2apic popcnt tsc_deadline_timer aes xsave avx f16c rdrand lahf_lm ida arat epb xsaveopt pln pts dtherm tpr_shadow vnmi flexpriority ept vpid fsgsbase smep erms
bogomips	: 6819.89
clflush size	: 64
cache_alignment	: 64
address sizes	: 36 bits physical, 48 bits virtual
power management:

processor	: 2
vendor_id	: GenuineIntel
cpu family	: 6
model		: 58
model name	: Intel(R) Core(TM) i7-3770 CPU @ 3.40GHz
stepping	: 9
microcode	: 0x16
cpu MHz		: 3401.000
cache size	: 8192 KB
physical id	: 0
siblings	: 8
core id		: 2
cpu cores	: 4
apicid		: 4
initial apicid	: 4
fpu		: yes
fpu_exception	: yes
cpuid level	: 13
wp		: yes
flags		: fpu vme de pse tsc msr pae mce cx8 apic sep mtrr pge mca cmov pat pse36 clflush dts acpi mmx fxsr sse sse2 ss ht tm pbe syscall nx rdtscp lm constant_tsc arch_perfmon pebs bts rep_good nopl xtopology nonstop_tsc aperfmperf pni pclmulqdq dtes64 monitor ds_cpl vmx smx est tm2 ssse3 cx16 xtpr pdcm pcid sse4_1 sse4_2 x2apic popcnt tsc_deadline_timer aes xsave avx f16c rdrand lahf_lm ida arat epb xsaveopt pln pts dtherm tpr_shadow vnmi flexpriority ept vpid fsgsbase smep erms
bogomips	: 6819.90
clflush size	: 64
cache_alignment	: 64
address sizes	: 36 bits physical, 48 bits virtual
power management:

processor	: 3
vendor_id	: GenuineIntel
cpu family	: 6
model		: 58
model name	: Intel(R) Core(TM) i7-3770 CPU @ 3.40GHz
stepping	: 9
microcode	: 0x16
cpu MHz		: 1600.000
cache size	: 8192 KB
physical id	: 0
siblings	: 8
core id		: 3
cpu cores	: 4
apicid		: 6
initial apicid	: 6
fpu		: yes
fpu_exception	: yes
cpuid level	: 13
wp		: yes
flags		: fpu vme de pse tsc msr pae mce cx8 apic sep mtrr pge mca cmov pat pse36 clflush dts acpi mmx fxsr sse sse2 ss ht tm pbe syscall nx rdtscp lm constant_tsc arch_perfmon pebs bts rep_good nopl xtopology nonstop_tsc aperfmperf pni pclmulqdq dtes64 monitor ds_cpl vmx smx est tm2 ssse3 cx16 xtpr pdcm pcid sse4_1 sse4_2 x2apic popcnt tsc_deadline_timer aes xsave avx f16c rdrand lahf_lm ida arat epb xsaveopt pln pts dtherm tpr_shadow vnmi flexpriority ept vpid fsgsbase smep erms
bogomips	: 6819.90
clflush size	: 64
cache_alignment	: 64
address sizes	: 36 bits physical, 48 bits virtual
power management:

processor	: 4
vendor_id	: GenuineIntel
cpu family	: 6
model		: 58
model name	: Intel(R) Core(TM) i7-3770 CPU @ 3.40GHz
stepping	: 9
microcode	: 0x16
cpu MHz		: 3401.000
cache size	: 8192 KB
physical id	: 0
siblings	: 8
core id		: 0
cpu cores	: 4
apicid		: 1
initial apicid	: 1
fpu		: yes
fpu_exception	: yes
cpuid level	: 13
wp		: yes
flags		: fpu vme de pse tsc msr pae mce cx8 apic sep mtrr pge mca cmov pat pse36 clflush dts acpi mmx fxsr sse sse2 ss ht tm pbe syscall nx rdtscp lm constant_tsc arch_perfmon pebs bts rep_good nopl xtopology nonstop_tsc aperfmperf pni pclmulqdq dtes64 monitor ds_cpl vmx smx est tm2 ssse3 cx16 xtpr pdcm pcid sse4_1 sse4_2 x2apic popcnt tsc_deadline_timer aes xsave avx f16c rdrand lahf_lm ida arat epb xsaveopt pln pts dtherm tpr_shadow vnmi flexpriority ept vpid fsgsbase smep erms
bogomips	: 6819.89
clflush size	: 64
cache_alignment	: 64
address sizes	: 36 bits physical, 48 bits virtual
power management:

processor	: 5
vendor_id	: GenuineIntel
cpu family	: 6
model		: 58
model name	: Intel(R) Core(TM) i7-3770 CPU @ 3.40GHz
stepping	: 9
microcode	: 0x16
cpu MHz		: 3401.000
cache size	: 8192 KB
physical id	: 0
siblings	: 8
core id		: 1
cpu cores	: 4
apicid		: 3
initial apicid	: 3
fpu		: yes
fpu_exception	: yes
cpuid level	: 13
wp		: yes
flags		: fpu vme de pse tsc msr pae mce cx8 apic sep mtrr pge mca cmov pat pse36 clflush dts acpi mmx fxsr sse sse2 ss ht tm pbe syscall nx rdtscp lm constant_tsc arch_perfmon pebs bts rep_good nopl xtopology nonstop_tsc aperfmperf pni pclmulqdq dtes64 monitor ds_cpl vmx smx est tm2 ssse3 cx16 xtpr pdcm pcid sse4_1 sse4_2 x2apic popcnt tsc_deadline_timer aes xsave avx f16c rdrand lahf_lm ida arat epb xsaveopt pln pts dtherm tpr_shadow vnmi flexpriority ept vpid fsgsbase smep erms
bogomips	: 6819.90
clflush size	: 64
cache_alignment	: 64
address sizes	: 36 bits physical, 48 bits virtual
power management:

processor	: 6
vendor_id	: GenuineIntel
cpu family	: 6
model		: 58
model name	: Intel(R) Core(TM) i7-3770 CPU @ 3.40GHz
stepping	: 9
microcode	: 0x16
cpu MHz		: 1600.000
cache size	: 8192 KB
physical id	: 0
siblings	: 8
core id		: 2
cpu cores	: 4
apicid		: 5
initial apicid	: 5
fpu		: yes
fpu_exception	: yes
cpuid level	: 13
wp		: yes
flags		: fpu vme de pse tsc msr pae mce cx8 apic sep mtrr pge mca cmov pat pse36 clflush dts acpi mmx fxsr sse sse2 ss ht tm pbe syscall nx rdtscp lm constant_tsc arch_perfmon pebs bts rep_good nopl xtopology nonstop_tsc aperfmperf pni pclmulqdq dtes64 monitor ds_cpl vmx smx est tm2 ssse3 cx16 xtpr pdcm pcid sse4_1 sse4_2 x2apic popcnt tsc_deadline_timer aes xsave avx f16c rdrand lahf_lm ida arat epb xsaveopt pln pts dtherm tpr_shadow vnmi flexpriority ept vpid fsgsbase smep erms
bogomips	: 6819.90
clflush size	: 64
cache_alignment	: 64
address sizes	: 36 bits physical, 48 bits virtual
power management:

processor	: 7
vendor_id	: GenuineIntel
cpu family	: 6
model		: 58
model name	: Intel(R) Core(TM) i7-3770 CPU @ 3.40GHz
stepping	: 9
microcode	: 0x16
cpu MHz		: 1600.000
cache size	: 8192 KB
physical id	: 0
siblings	: 8
core id		: 3
cpu cores	: 4
apicid		: 7
initial apicid	: 7
fpu		: yes
fpu_exception	: yes
cpuid level	: 13
wp		: yes
flags		: fpu vme de pse tsc msr pae mce cx8 apic sep mtrr pge mca cmov pat pse36 clflush dts acpi mmx fxsr sse sse2 ss ht tm pbe syscall nx rdtscp lm constant_tsc arch_perfmon pebs bts rep_good nopl xtopology nonstop_tsc aperfmperf pni pclmulqdq dtes64 monitor ds_cpl vmx smx est tm2 ssse3 cx16 xtpr pdcm pcid sse4_1 sse4_2 x2apic popcnt tsc_deadline_timer aes xsave avx f16c rdrand lahf_lm ida arat epb xsaveopt pln pts dtherm tpr_shadow vnmi flexpriority ept vpid fsgsbase smep erms
bogomips	: 6819.89
clflush size	: 64
cache_alignment	: 64
address sizes	: 36 bits physical, 48 bits virtual
power management:



Memory: 4k page, physical 16118492k(10093148k free), swap 8788988k(8788988k free)

vm_info: Java HotSpot(TM) 64-Bit Server VM (20.45-b01) for linux-amd64 JRE (1.6.0_45-b06), built on Mar 26 2013 14:07:02 by "java_re" with gcc 3.2.2 (SuSE Linux)

time: Tue Feb 18 16:56:24 2014
elapsed time: 0 seconds

