#
# A fatal error has been detected by the Java Runtime Environment:
#
#  Internal Error (classFileParser.cpp:3494), pid=11659, tid=140349138482944
#  Error: ShouldNotReachHere()
#
# JRE version: 6.0_45-b06
# Java VM: Java HotSpot(TM) 64-Bit Server VM (20.45-b01 mixed mode linux-amd64 compressed oops)
# If you would like to submit a bug report, please visit:
#   http://java.sun.com/webapps/bugreport/crash.jsp
#

---------------  T H R E A D  ---------------

Current thread (0x00007fa590007800):  JavaThread "Unknown thread" [_thread_in_vm, id=11660, stack(0x00007fa5947b3000,0x00007fa5948b4000)]

Stack: [0x00007fa5947b3000,0x00007fa5948b4000],  sp=0x00007fa5948b2150,  free space=1020k
Native frames: (J=compiled Java code, j=interpreted, Vv=VM code, C=native code)
V  [libjvm.so+0x861e05]  VMError::report_and_die()+0x265
V  [libjvm.so+0x3e5ed6]  report_should_not_reach_here(char const*, int)+0x46
V  [libjvm.so+0x36f26b]  ClassFileParser::parseClassFile(symbolHandle, Handle, Handle, KlassHandle, GrowableArray<Handle>*, symbolHandle&, bool, Thread*)+0x2b8b
V  [libjvm.so+0x3756ff]  ClassLoader::load_classfile(symbolHandle, Thread*)+0x22f
V  [libjvm.so+0x7eebff]  SystemDictionary::load_instance_class(symbolHandle, Handle, Thread*)+0xef
V  [libjvm.so+0x7ecbe5]  SystemDictionary::resolve_instance_class_or_null(symbolHandle, Handle, Handle, Thread*)+0x575
V  [libjvm.so+0x7eb971]  SystemDictionary::resolve_or_null(symbolHandle, Handle, Handle, Thread*)+0x81
V  [libjvm.so+0x7eb584]  SystemDictionary::resolve_or_fail(symbolHandle, Handle, Handle, bool, Thread*)+0x34
V  [libjvm.so+0x7f0400]  SystemDictionary::initialize_wk_klass(SystemDictionary::WKID, int, Thread*)+0x70
V  [libjvm.so+0x7f0495]  SystemDictionary::initialize_wk_klasses_until(SystemDictionary::WKID, SystemDictionary::WKID&, Thread*)+0x45
V  [libjvm.so+0x7f0575]  SystemDictionary::initialize_preloaded_classes(Thread*)+0x75
V  [libjvm.so+0x7f0328]  SystemDictionary::initialize(Thread*)+0xd8
V  [libjvm.so+0x837cf8]  Universe::genesis(Thread*)+0x598
V  [libjvm.so+0x839c29]  universe2_init()+0x29
V  [libjvm.so+0x4ae42c]  init_globals()+0x8c
V  [libjvm.so+0x820014]  Threads::create_vm(JavaVMInitArgs*, bool*)+0x214
V  [libjvm.so+0x51c800]  JNI_CreateJavaVM+0x80


---------------  P R O C E S S  ---------------

Java Threads: ( => current thread )

Other Threads:

=>0x00007fa590007800 (exited) JavaThread "Unknown thread" [_thread_in_vm, id=11660, stack(0x00007fa5947b3000,0x00007fa5948b4000)]

VM state:not at safepoint (not fully initialized)

VM Mutex/Monitor currently owned by a thread: None

Dynamic libraries:
40000000-40009000 r-xp 00000000 08:01 4852050                            /usr/lib/jvm/jdk1.6.0_45/bin/java
40108000-4010a000 rwxp 00008000 08:01 4852050                            /usr/lib/jvm/jdk1.6.0_45/bin/java
41039000-4105a000 rwxp 00000000 00:00 0                                  [heap]
704e00000-7062c0000 rwxp 00000000 00:00 0 
7062c0000-70a000000 rwxp 00000000 00:00 0 
70a000000-714400000 rwxp 00000000 00:00 0 
714400000-7ae000000 rwxp 00000000 00:00 0 
7ae000000-7b3200000 rwxp 00000000 00:00 0 
7b3200000-800000000 rwxp 00000000 00:00 0 
7fa564000000-7fa564021000 rwxp 00000000 00:00 0 
7fa564021000-7fa568000000 ---p 00000000 00:00 0 
7fa56c000000-7fa56c021000 rwxp 00000000 00:00 0 
7fa56c021000-7fa570000000 ---p 00000000 00:00 0 
7fa570000000-7fa570021000 rwxp 00000000 00:00 0 
7fa570021000-7fa574000000 ---p 00000000 00:00 0 
7fa574000000-7fa574021000 rwxp 00000000 00:00 0 
7fa574021000-7fa578000000 ---p 00000000 00:00 0 
7fa578000000-7fa578021000 rwxp 00000000 00:00 0 
7fa578021000-7fa57c000000 ---p 00000000 00:00 0 
7fa57c000000-7fa57c021000 rwxp 00000000 00:00 0 
7fa57c021000-7fa580000000 ---p 00000000 00:00 0 
7fa580000000-7fa580021000 rwxp 00000000 00:00 0 
7fa580021000-7fa584000000 ---p 00000000 00:00 0 
7fa584000000-7fa584021000 rwxp 00000000 00:00 0 
7fa584021000-7fa588000000 ---p 00000000 00:00 0 
7fa58b3ee000-7fa58b4b4000 r-xs 0116f000 08:06 7241418                    /home/huanghua/Android/adt-bundle-linux-x86_64-20130729/sdk/platforms/android-17/android.jar
7fa58b4b4000-7fa58b4dc000 rwxp 00000000 00:00 0 
7fa58b4dc000-7fa58b4dd000 ---p 00000000 00:00 0 
7fa58b4dd000-7fa58b5dd000 rwxp 00000000 00:00 0 
7fa58b5dd000-7fa58b5de000 ---p 00000000 00:00 0 
7fa58b5de000-7fa58b6de000 rwxp 00000000 00:00 0 
7fa58b6de000-7fa58b6df000 ---p 00000000 00:00 0 
7fa58b6df000-7fa58b7df000 rwxp 00000000 00:00 0 
7fa58b7df000-7fa58b7e0000 ---p 00000000 00:00 0 
7fa58b7e0000-7fa58b8e0000 rwxp 00000000 00:00 0 
7fa58b8e0000-7fa58b8e1000 ---p 00000000 00:00 0 
7fa58b8e1000-7fa58b9e1000 rwxp 00000000 00:00 0 
7fa58b9e1000-7fa58b9e2000 ---p 00000000 00:00 0 
7fa58b9e2000-7fa58bae2000 rwxp 00000000 00:00 0 
7fa58bae2000-7fa58bae3000 ---p 00000000 00:00 0 
7fa58bae3000-7fa58bbe3000 rwxp 00000000 00:00 0 
7fa58bbe3000-7fa58bbe4000 ---p 00000000 00:00 0 
7fa58bbe4000-7fa58bd36000 rwxp 00000000 00:00 0 
7fa58bd36000-7fa58c204000 rwxp 00000000 00:00 0 
7fa58c204000-7fa58c20f000 rwxp 00000000 00:00 0 
7fa58c20f000-7fa58c22d000 rwxp 00000000 00:00 0 
7fa58c22d000-7fa58c27f000 rwxp 00000000 00:00 0 
7fa58c27f000-7fa58c74d000 rwxp 00000000 00:00 0 
7fa58c74d000-7fa58c776000 rwxp 00000000 00:00 0 
7fa58c776000-7fa58c9dd000 rwxp 00000000 00:00 0 
7fa58c9dd000-7fa58cc4e000 rwxp 00000000 00:00 0 
7fa58cc4e000-7fa58f9de000 rwxp 00000000 00:00 0 
7fa58f9de000-7fa58f9ea000 r-xp 00000000 08:01 1180170                    /lib/x86_64-linux-gnu/libnss_files-2.15.so
7fa58f9ea000-7fa58fbe9000 ---p 0000c000 08:01 1180170                    /lib/x86_64-linux-gnu/libnss_files-2.15.so
7fa58fbe9000-7fa58fbea000 r-xp 0000b000 08:01 1180170                    /lib/x86_64-linux-gnu/libnss_files-2.15.so
7fa58fbea000-7fa58fbeb000 rwxp 0000c000 08:01 1180170                    /lib/x86_64-linux-gnu/libnss_files-2.15.so
7fa58fbeb000-7fa58fbf5000 r-xp 00000000 08:01 1180174                    /lib/x86_64-linux-gnu/libnss_nis-2.15.so
7fa58fbf5000-7fa58fdf5000 ---p 0000a000 08:01 1180174                    /lib/x86_64-linux-gnu/libnss_nis-2.15.so
7fa58fdf5000-7fa58fdf6000 r-xp 0000a000 08:01 1180174                    /lib/x86_64-linux-gnu/libnss_nis-2.15.so
7fa58fdf6000-7fa58fdf7000 rwxp 0000b000 08:01 1180174                    /lib/x86_64-linux-gnu/libnss_nis-2.15.so
7fa58fdf7000-7fa58fdff000 r-xp 00000000 08:01 1180168                    /lib/x86_64-linux-gnu/libnss_compat-2.15.so
7fa58fdff000-7fa58fffe000 ---p 00008000 08:01 1180168                    /lib/x86_64-linux-gnu/libnss_compat-2.15.so
7fa58fffe000-7fa58ffff000 r-xp 00007000 08:01 1180168                    /lib/x86_64-linux-gnu/libnss_compat-2.15.so
7fa58ffff000-7fa590000000 rwxp 00008000 08:01 1180168                    /lib/x86_64-linux-gnu/libnss_compat-2.15.so
7fa590000000-7fa590088000 rwxp 00000000 00:00 0 
7fa590088000-7fa594000000 ---p 00000000 00:00 0 
7fa594016000-7fa594021000 rwxp 00000000 00:00 0 
7fa594021000-7fa59403f000 rwxp 00000000 00:00 0 
7fa59403f000-7fa59404d000 r-xp 00000000 08:01 4195597                    /usr/lib/jvm/jdk1.6.0_45/jre/lib/amd64/libzip.so
7fa59404d000-7fa59414f000 ---p 0000e000 08:01 4195597                    /usr/lib/jvm/jdk1.6.0_45/jre/lib/amd64/libzip.so
7fa59414f000-7fa594152000 rwxp 00010000 08:01 4195597                    /usr/lib/jvm/jdk1.6.0_45/jre/lib/amd64/libzip.so
7fa594152000-7fa594153000 rwxp 00000000 00:00 0 
7fa594153000-7fa59416a000 r-xp 00000000 08:01 1180187                    /lib/x86_64-linux-gnu/libnsl-2.15.so
7fa59416a000-7fa594369000 ---p 00017000 08:01 1180187                    /lib/x86_64-linux-gnu/libnsl-2.15.so
7fa594369000-7fa59436a000 r-xp 00016000 08:01 1180187                    /lib/x86_64-linux-gnu/libnsl-2.15.so
7fa59436a000-7fa59436b000 rwxp 00017000 08:01 1180187                    /lib/x86_64-linux-gnu/libnsl-2.15.so
7fa59436b000-7fa59436d000 rwxp 00000000 00:00 0 
7fa59436d000-7fa594396000 r-xp 00000000 08:01 4195592                    /usr/lib/jvm/jdk1.6.0_45/jre/lib/amd64/libjava.so
7fa594396000-7fa594495000 ---p 00029000 08:01 4195592                    /usr/lib/jvm/jdk1.6.0_45/jre/lib/amd64/libjava.so
7fa594495000-7fa59449c000 rwxp 00028000 08:01 4195592                    /usr/lib/jvm/jdk1.6.0_45/jre/lib/amd64/libjava.so
7fa59449c000-7fa5944a9000 r-xp 00000000 08:01 4195589                    /usr/lib/jvm/jdk1.6.0_45/jre/lib/amd64/libverify.so
7fa5944a9000-7fa5945a8000 ---p 0000d000 08:01 4195589                    /usr/lib/jvm/jdk1.6.0_45/jre/lib/amd64/libverify.so
7fa5945a8000-7fa5945ab000 rwxp 0000c000 08:01 4195589                    /usr/lib/jvm/jdk1.6.0_45/jre/lib/amd64/libverify.so
7fa5945ab000-7fa5945b2000 r-xp 00000000 08:01 1180173                    /lib/x86_64-linux-gnu/librt-2.15.so
7fa5945b2000-7fa5947b1000 ---p 00007000 08:01 1180173                    /lib/x86_64-linux-gnu/librt-2.15.so
7fa5947b1000-7fa5947b2000 r-xp 00006000 08:01 1180173                    /lib/x86_64-linux-gnu/librt-2.15.so
7fa5947b2000-7fa5947b3000 rwxp 00007000 08:01 1180173                    /lib/x86_64-linux-gnu/librt-2.15.so
7fa5947b3000-7fa5947b6000 ---p 00000000 00:00 0 
7fa5947b6000-7fa5948b4000 rwxp 00000000 00:00 0 
7fa5948b4000-7fa5949af000 r-xp 00000000 08:01 1180177                    /lib/x86_64-linux-gnu/libm-2.15.so
7fa5949af000-7fa594bae000 ---p 000fb000 08:01 1180177                    /lib/x86_64-linux-gnu/libm-2.15.so
7fa594bae000-7fa594baf000 r-xp 000fa000 08:01 1180177                    /lib/x86_64-linux-gnu/libm-2.15.so
7fa594baf000-7fa594bb0000 rwxp 000fb000 08:01 1180177                    /lib/x86_64-linux-gnu/libm-2.15.so
7fa594bb0000-7fa5954ce000 r-xp 00000000 08:01 4326712                    /usr/lib/jvm/jdk1.6.0_45/jre/lib/amd64/server/libjvm.so
7fa5954ce000-7fa5955d0000 ---p 0091e000 08:01 4326712                    /usr/lib/jvm/jdk1.6.0_45/jre/lib/amd64/server/libjvm.so
7fa5955d0000-7fa595786000 rwxp 00920000 08:01 4326712                    /usr/lib/jvm/jdk1.6.0_45/jre/lib/amd64/server/libjvm.so
7fa595786000-7fa5957c0000 rwxp 00000000 00:00 0 
7fa5957c0000-7fa595975000 r-xp 00000000 08:01 1180166                    /lib/x86_64-linux-gnu/libc-2.15.so
7fa595975000-7fa595b75000 ---p 001b5000 08:01 1180166                    /lib/x86_64-linux-gnu/libc-2.15.so
7fa595b75000-7fa595b79000 r-xp 001b5000 08:01 1180166                    /lib/x86_64-linux-gnu/libc-2.15.so
7fa595b79000-7fa595b7b000 rwxp 001b9000 08:01 1180166                    /lib/x86_64-linux-gnu/libc-2.15.so
7fa595b7b000-7fa595b80000 rwxp 00000000 00:00 0 
7fa595b80000-7fa595b82000 r-xp 00000000 08:01 1180181                    /lib/x86_64-linux-gnu/libdl-2.15.so
7fa595b82000-7fa595d82000 ---p 00002000 08:01 1180181                    /lib/x86_64-linux-gnu/libdl-2.15.so
7fa595d82000-7fa595d83000 r-xp 00002000 08:01 1180181                    /lib/x86_64-linux-gnu/libdl-2.15.so
7fa595d83000-7fa595d84000 rwxp 00003000 08:01 1180181                    /lib/x86_64-linux-gnu/libdl-2.15.so
7fa595d84000-7fa595d9c000 r-xp 00000000 08:01 1180175                    /lib/x86_64-linux-gnu/libpthread-2.15.so
7fa595d9c000-7fa595f9b000 ---p 00018000 08:01 1180175                    /lib/x86_64-linux-gnu/libpthread-2.15.so
7fa595f9b000-7fa595f9c000 r-xp 00017000 08:01 1180175                    /lib/x86_64-linux-gnu/libpthread-2.15.so
7fa595f9c000-7fa595f9d000 rwxp 00018000 08:01 1180175                    /lib/x86_64-linux-gnu/libpthread-2.15.so
7fa595f9d000-7fa595fa1000 rwxp 00000000 00:00 0 
7fa595fa1000-7fa595fc3000 r-xp 00000000 08:01 1180178                    /lib/x86_64-linux-gnu/ld-2.15.so
7fa595fd9000-7fa595fe3000 rwxp 00000000 00:00 0 
7fa595fe3000-7fa596099000 rwxp 00000000 00:00 0 
7fa596099000-7fa59609c000 rwxp 00000000 00:00 0 
7fa59609c000-7fa5960a3000 r-xp 00000000 08:01 4326109                    /usr/lib/jvm/jdk1.6.0_45/jre/lib/amd64/jli/libjli.so
7fa5960a3000-7fa5961a4000 ---p 00007000 08:01 4326109                    /usr/lib/jvm/jdk1.6.0_45/jre/lib/amd64/jli/libjli.so
7fa5961a4000-7fa5961a6000 rwxp 00008000 08:01 4326109                    /usr/lib/jvm/jdk1.6.0_45/jre/lib/amd64/jli/libjli.so
7fa5961a6000-7fa5961a7000 rwxp 00000000 00:00 0 
7fa5961b7000-7fa5961bf000 rwxs 00000000 08:01 1573046                    /tmp/hsperfdata_huanghua/11659
7fa5961bf000-7fa5961c0000 rwxp 00000000 00:00 0 
7fa5961c0000-7fa5961c1000 r-xp 00000000 00:00 0 
7fa5961c1000-7fa5961c3000 rwxp 00000000 00:00 0 
7fa5961c3000-7fa5961c4000 r-xp 00022000 08:01 1180178                    /lib/x86_64-linux-gnu/ld-2.15.so
7fa5961c4000-7fa5961c6000 rwxp 00023000 08:01 1180178                    /lib/x86_64-linux-gnu/ld-2.15.so
7fffb2fcc000-7fffb2fed000 rwxp 00000000 00:00 0                          [stack]
7fffb2fff000-7fffb3000000 r-xp 00000000 00:00 0                          [vdso]
ffffffffff600000-ffffffffff601000 r-xp 00000000 00:00 0                  [vsyscall]

VM Arguments:
jvm_args: -Dfile.encoding=UTF-8 -Xbootclasspath:/home/huanghua/Android/adt-bundle-linux-x86_64-20130729/sdk/platforms/android-17/android.jar 
java_command: com.mephone.hellohwlockscreen.ChinaDate
Launcher Type: SUN_STANDARD

Environment Variables:
PATH=/home/huanghua/bin:/usr/lib/lightdm/lightdm:/usr/local/sbin:/usr/local/bin:/usr/sbin:/usr/bin:/sbin:/bin:/usr/games
LD_LIBRARY_PATH=/usr/lib/jvm/jdk1.6.0_45/jre/lib/amd64/server:/usr/lib/jvm/jdk1.6.0_45/jre/lib/amd64:/usr/lib/jvm/jdk1.6.0_45/jre/../lib/amd64
SHELL=/bin/bash
DISPLAY=:0.0

Signal Handlers:
SIGSEGV: [libjvm.so+0x862a30], sa_mask[0]=0x7ffbfeff, sa_flags=0x10000004
SIGBUS: [libjvm.so+0x862a30], sa_mask[0]=0x7ffbfeff, sa_flags=0x10000004
SIGFPE: [libjvm.so+0x7106f0], sa_mask[0]=0x7ffbfeff, sa_flags=0x10000004
SIGPIPE: [libjvm.so+0x7106f0], sa_mask[0]=0x7ffbfeff, sa_flags=0x10000004
SIGXFSZ: [libjvm.so+0x7106f0], sa_mask[0]=0x7ffbfeff, sa_flags=0x10000004
SIGILL: [libjvm.so+0x7106f0], sa_mask[0]=0x7ffbfeff, sa_flags=0x10000004
SIGUSR1: SIG_DFL, sa_mask[0]=0x00000000, sa_flags=0x00000000
SIGUSR2: [libjvm.so+0x713520], sa_mask[0]=0x00000004, sa_flags=0x10000004
SIGHUP: SIG_DFL, sa_mask[0]=0x00000000, sa_flags=0x00000000
SIGINT: SIG_DFL, sa_mask[0]=0x00000000, sa_flags=0x00000000
SIGTERM: SIG_DFL, sa_mask[0]=0x00000000, sa_flags=0x00000000
SIGQUIT: SIG_DFL, sa_mask[0]=0x00000000, sa_flags=0x00000000


---------------  S Y S T E M  ---------------

OS:wheezy/sid

uname:Linux 3.2.0-51-generic #77-Ubuntu SMP Wed Jul 24 20:18:19 UTC 2013 x86_64
libc:glibc 2.15 NPTL 2.15 
rlimit: STACK 8192k, CORE 0k, NPROC 125788, NOFILE 4096, AS infinity
load average:1.37 1.22 1.13

/proc/meminfo:
MemTotal:       16118492 kB
MemFree:        10138492 kB
Buffers:          509448 kB
Cached:          2099888 kB
SwapCached:            0 kB
Active:          3809276 kB
Inactive:        1568044 kB
Active(anon):    2978468 kB
Inactive(anon):   216700 kB
Active(file):     830808 kB
Inactive(file):  1351344 kB
Unevictable:          16 kB
Mlocked:              16 kB
SwapTotal:       8788988 kB
SwapFree:        8788988 kB
Dirty:              1884 kB
Writeback:             0 kB
AnonPages:       2770348 kB
Mapped:           350016 kB
Shmem:            425776 kB
Slab:             339116 kB
SReclaimable:     284428 kB
SUnreclaim:        54688 kB
KernelStack:        6400 kB
PageTables:        53036 kB
NFS_Unstable:          0 kB
Bounce:                0 kB
WritebackTmp:          0 kB
CommitLimit:    16848232 kB
Committed_AS:    7785952 kB
VmallocTotal:   34359738367 kB
VmallocUsed:      384052 kB
VmallocChunk:   34359314316 kB
HardwareCorrupted:     0 kB
AnonHugePages:         0 kB
HugePages_Total:       0
HugePages_Free:        0
HugePages_Rsvd:        0
HugePages_Surp:        0
Hugepagesize:       2048 kB
DirectMap4k:       77824 kB
DirectMap2M:    16402432 kB


CPU:total 8 (4 cores per cpu, 2 threads per core) family 6 model 58 stepping 9, cmov, cx8, fxsr, mmx, sse, sse2, sse3, ssse3, sse4.1, sse4.2, popcnt, ht

/proc/cpuinfo:
processor	: 0
vendor_id	: GenuineIntel
cpu family	: 6
model		: 58
model name	: Intel(R) Core(TM) i7-3770 CPU @ 3.40GHz
stepping	: 9
microcode	: 0x16
cpu MHz		: 2100.000
cache size	: 8192 KB
physical id	: 0
siblings	: 8
core id		: 0
cpu cores	: 4
apicid		: 0
initial apicid	: 0
fpu		: yes
fpu_exception	: yes
cpuid level	: 13
wp		: yes
flags		: fpu vme de pse tsc msr pae mce cx8 apic sep mtrr pge mca cmov pat pse36 clflush dts acpi mmx fxsr sse sse2 ss ht tm pbe syscall nx rdtscp lm constant_tsc arch_perfmon pebs bts rep_good nopl xtopology nonstop_tsc aperfmperf pni pclmulqdq dtes64 monitor ds_cpl vmx smx est tm2 ssse3 cx16 xtpr pdcm pcid sse4_1 sse4_2 x2apic popcnt tsc_deadline_timer aes xsave avx f16c rdrand lahf_lm ida arat epb xsaveopt pln pts dtherm tpr_shadow vnmi flexpriority ept vpid fsgsbase smep erms
bogomips	: 6820.10
clflush size	: 64
cache_alignment	: 64
address sizes	: 36 bits physical, 48 bits virtual
power management:

processor	: 1
vendor_id	: GenuineIntel
cpu family	: 6
model		: 58
model name	: Intel(R) Core(TM) i7-3770 CPU @ 3.40GHz
stepping	: 9
microcode	: 0x16
cpu MHz		: 2200.000
cache size	: 8192 KB
physical id	: 0
siblings	: 8
core id		: 1
cpu cores	: 4
apicid		: 2
initial apicid	: 2
fpu		: yes
fpu_exception	: yes
cpuid level	: 13
wp		: yes
flags		: fpu vme de pse tsc msr pae mce cx8 apic sep mtrr pge mca cmov pat pse36 clflush dts acpi mmx fxsr sse sse2 ss ht tm pbe syscall nx rdtscp lm constant_tsc arch_perfmon pebs bts rep_good nopl xtopology nonstop_tsc aperfmperf pni pclmulqdq dtes64 monitor ds_cpl vmx smx est tm2 ssse3 cx16 xtpr pdcm pcid sse4_1 sse4_2 x2apic popcnt tsc_deadline_timer aes xsave avx f16c rdrand lahf_lm ida arat epb xsaveopt pln pts dtherm tpr_shadow vnmi flexpriority ept vpid fsgsbase smep erms
bogomips	: 6819.89
clflush size	: 64
cache_alignment	: 64
address sizes	: 36 bits physical, 48 bits virtual
power management:

processor	: 2
vendor_id	: GenuineIntel
cpu family	: 6
model		: 58
model name	: Intel(R) Core(TM) i7-3770 CPU @ 3.40GHz
stepping	: 9
microcode	: 0x16
cpu MHz		: 3401.000
cache size	: 8192 KB
physical id	: 0
siblings	: 8
core id		: 2
cpu cores	: 4
apicid		: 4
initial apicid	: 4
fpu		: yes
fpu_exception	: yes
cpuid level	: 13
wp		: yes
flags		: fpu vme de pse tsc msr pae mce cx8 apic sep mtrr pge mca cmov pat pse36 clflush dts acpi mmx fxsr sse sse2 ss ht tm pbe syscall nx rdtscp lm constant_tsc arch_perfmon pebs bts rep_good nopl xtopology nonstop_tsc aperfmperf pni pclmulqdq dtes64 monitor ds_cpl vmx smx est tm2 ssse3 cx16 xtpr pdcm pcid sse4_1 sse4_2 x2apic popcnt tsc_deadline_timer aes xsave avx f16c rdrand lahf_lm ida arat epb xsaveopt pln pts dtherm tpr_shadow vnmi flexpriority ept vpid fsgsbase smep erms
bogomips	: 6819.90
clflush size	: 64
cache_alignment	: 64
address sizes	: 36 bits physical, 48 bits virtual
power management:

processor	: 3
vendor_id	: GenuineIntel
cpu family	: 6
model		: 58
model name	: Intel(R) Core(TM) i7-3770 CPU @ 3.40GHz
stepping	: 9
microcode	: 0x16
cpu MHz		: 1600.000
cache size	: 8192 KB
physical id	: 0
siblings	: 8
core id		: 3
cpu cores	: 4
apicid		: 6
initial apicid	: 6
fpu		: yes
fpu_exception	: yes
cpuid level	: 13
wp		: yes
flags		: fpu vme de pse tsc msr pae mce cx8 apic sep mtrr pge mca cmov pat pse36 clflush dts acpi mmx fxsr sse sse2 ss ht tm pbe syscall nx rdtscp lm constant_tsc arch_perfmon pebs bts rep_good nopl xtopology nonstop_tsc aperfmperf pni pclmulqdq dtes64 monitor ds_cpl vmx smx est tm2 ssse3 cx16 xtpr pdcm pcid sse4_1 sse4_2 x2apic popcnt tsc_deadline_timer aes xsave avx f16c rdrand lahf_lm ida arat epb xsaveopt pln pts dtherm tpr_shadow vnmi flexpriority ept vpid fsgsbase smep erms
bogomips	: 6819.90
clflush size	: 64
cache_alignment	: 64
address sizes	: 36 bits physical, 48 bits virtual
power management:

processor	: 4
vendor_id	: GenuineIntel
cpu family	: 6
model		: 58
model name	: Intel(R) Core(TM) i7-3770 CPU @ 3.40GHz
stepping	: 9
microcode	: 0x16
cpu MHz		: 1600.000
cache size	: 8192 KB
physical id	: 0
siblings	: 8
core id		: 0
cpu cores	: 4
apicid		: 1
initial apicid	: 1
fpu		: yes
fpu_exception	: yes
cpuid level	: 13
wp		: yes
flags		: fpu vme de pse tsc msr pae mce cx8 apic sep mtrr pge mca cmov pat pse36 clflush dts acpi mmx fxsr sse sse2 ss ht tm pbe syscall nx rdtscp lm constant_tsc arch_perfmon pebs bts rep_good nopl xtopology nonstop_tsc aperfmperf pni pclmulqdq dtes64 monitor ds_cpl vmx smx est tm2 ssse3 cx16 xtpr pdcm pcid sse4_1 sse4_2 x2apic popcnt tsc_deadline_timer aes xsave avx f16c rdrand lahf_lm ida arat epb xsaveopt pln pts dtherm tpr_shadow vnmi flexpriority ept vpid fsgsbase smep erms
bogomips	: 6819.89
clflush size	: 64
cache_alignment	: 64
address sizes	: 36 bits physical, 48 bits virtual
power management:

processor	: 5
vendor_id	: GenuineIntel
cpu family	: 6
model		: 58
model name	: Intel(R) Core(TM) i7-3770 CPU @ 3.40GHz
stepping	: 9
microcode	: 0x16
cpu MHz		: 1600.000
cache size	: 8192 KB
physical id	: 0
siblings	: 8
core id		: 1
cpu cores	: 4
apicid		: 3
initial apicid	: 3
fpu		: yes
fpu_exception	: yes
cpuid level	: 13
wp		: yes
flags		: fpu vme de pse tsc msr pae mce cx8 apic sep mtrr pge mca cmov pat pse36 clflush dts acpi mmx fxsr sse sse2 ss ht tm pbe syscall nx rdtscp lm constant_tsc arch_perfmon pebs bts rep_good nopl xtopology nonstop_tsc aperfmperf pni pclmulqdq dtes64 monitor ds_cpl vmx smx est tm2 ssse3 cx16 xtpr pdcm pcid sse4_1 sse4_2 x2apic popcnt tsc_deadline_timer aes xsave avx f16c rdrand lahf_lm ida arat epb xsaveopt pln pts dtherm tpr_shadow vnmi flexpriority ept vpid fsgsbase smep erms
bogomips	: 6819.90
clflush size	: 64
cache_alignment	: 64
address sizes	: 36 bits physical, 48 bits virtual
power management:

processor	: 6
vendor_id	: GenuineIntel
cpu family	: 6
model		: 58
model name	: Intel(R) Core(TM) i7-3770 CPU @ 3.40GHz
stepping	: 9
microcode	: 0x16
cpu MHz		: 1600.000
cache size	: 8192 KB
physical id	: 0
siblings	: 8
core id		: 2
cpu cores	: 4
apicid		: 5
initial apicid	: 5
fpu		: yes
fpu_exception	: yes
cpuid level	: 13
wp		: yes
flags		: fpu vme de pse tsc msr pae mce cx8 apic sep mtrr pge mca cmov pat pse36 clflush dts acpi mmx fxsr sse sse2 ss ht tm pbe syscall nx rdtscp lm constant_tsc arch_perfmon pebs bts rep_good nopl xtopology nonstop_tsc aperfmperf pni pclmulqdq dtes64 monitor ds_cpl vmx smx est tm2 ssse3 cx16 xtpr pdcm pcid sse4_1 sse4_2 x2apic popcnt tsc_deadline_timer aes xsave avx f16c rdrand lahf_lm ida arat epb xsaveopt pln pts dtherm tpr_shadow vnmi flexpriority ept vpid fsgsbase smep erms
bogomips	: 6819.90
clflush size	: 64
cache_alignment	: 64
address sizes	: 36 bits physical, 48 bits virtual
power management:

processor	: 7
vendor_id	: GenuineIntel
cpu family	: 6
model		: 58
model name	: Intel(R) Core(TM) i7-3770 CPU @ 3.40GHz
stepping	: 9
microcode	: 0x16
cpu MHz		: 1600.000
cache size	: 8192 KB
physical id	: 0
siblings	: 8
core id		: 3
cpu cores	: 4
apicid		: 7
initial apicid	: 7
fpu		: yes
fpu_exception	: yes
cpuid level	: 13
wp		: yes
flags		: fpu vme de pse tsc msr pae mce cx8 apic sep mtrr pge mca cmov pat pse36 clflush dts acpi mmx fxsr sse sse2 ss ht tm pbe syscall nx rdtscp lm constant_tsc arch_perfmon pebs bts rep_good nopl xtopology nonstop_tsc aperfmperf pni pclmulqdq dtes64 monitor ds_cpl vmx smx est tm2 ssse3 cx16 xtpr pdcm pcid sse4_1 sse4_2 x2apic popcnt tsc_deadline_timer aes xsave avx f16c rdrand lahf_lm ida arat epb xsaveopt pln pts dtherm tpr_shadow vnmi flexpriority ept vpid fsgsbase smep erms
bogomips	: 6819.89
clflush size	: 64
cache_alignment	: 64
address sizes	: 36 bits physical, 48 bits virtual
power management:



Memory: 4k page, physical 16118492k(10138120k free), swap 8788988k(8788988k free)

vm_info: Java HotSpot(TM) 64-Bit Server VM (20.45-b01) for linux-amd64 JRE (1.6.0_45-b06), built on Mar 26 2013 14:07:02 by "java_re" with gcc 3.2.2 (SuSE Linux)

time: Tue Feb 18 16:55:52 2014
elapsed time: 0 seconds

